This is pdfTeX, Version 3.14159265-2.6-1.40.18 (TeX Live 2017/Debian) (preloaded format=pdflatex 2018.7.30)  7 AUG 2018 15:22
entering extended mode
 restricted \write18 enabled.
 %&-line parsing enabled.
**Second-Draft-HPCA-2018.tex
(./Second-Draft-HPCA-2018.tex
LaTeX2e <2017-04-15>
Babel <3.18> and hyphenation patterns for 84 language(s) loaded.
(./sig-alternate.cls
(/usr/share/texlive/texmf-dist/tex/latex/graphics/epsfig.sty
Package: epsfig 2017/06/25 v1.7b (e)psfig emulation (SPQR)

(/usr/share/texlive/texmf-dist/tex/latex/graphics/graphicx.sty
Package: graphicx 2017/06/01 v1.1a Enhanced LaTeX Graphics (DPC,SPQR)

(/usr/share/texlive/texmf-dist/tex/latex/graphics/keyval.sty
Package: keyval 2014/10/28 v1.15 key=value parser (DPC)
\KV@toks@=\toks14
)
(/usr/share/texlive/texmf-dist/tex/latex/graphics/graphics.sty
Package: graphics 2017/06/25 v1.2c Standard LaTeX Graphics (DPC,SPQR)

(/usr/share/texlive/texmf-dist/tex/latex/graphics/trig.sty
Package: trig 2016/01/03 v1.10 sin cos tan (DPC)
)
(/usr/share/texlive/texmf-dist/tex/latex/graphics-cfg/graphics.cfg
File: graphics.cfg 2016/06/04 v1.11 sample graphics configuration
)
Package graphics Info: Driver file: pdftex.def on input line 99.

(/usr/share/texlive/texmf-dist/tex/latex/graphics-def/pdftex.def
File: pdftex.def 2018/01/08 v1.0l Graphics/color driver for pdftex
))
\Gin@req@height=\dimen102
\Gin@req@width=\dimen103
)
\epsfxsize=\dimen104
\epsfysize=\dimen105
)
(/usr/share/texlive/texmf-dist/tex/latex/amsfonts/amssymb.sty
Package: amssymb 2013/01/14 v3.01 AMS font symbols

(/usr/share/texlive/texmf-dist/tex/latex/amsfonts/amsfonts.sty
Package: amsfonts 2013/01/14 v3.01 Basic AMSFonts support
\@emptytoks=\toks15
\symAMSa=\mathgroup4
\symAMSb=\mathgroup5
LaTeX Font Info:    Overwriting math alphabet `\mathfrak' in version `bold'
(Font)                  U/euf/m/n --> U/euf/b/n on input line 106.
))
(/usr/share/texlive/texmf-dist/tex/latex/amsmath/amsmath.sty
Package: amsmath 2017/09/02 v2.17a AMS math features
\@mathmargin=\skip41

For additional information on amsmath, use the `?' option.
(/usr/share/texlive/texmf-dist/tex/latex/amsmath/amstext.sty
Package: amstext 2000/06/29 v2.01 AMS text

(/usr/share/texlive/texmf-dist/tex/latex/amsmath/amsgen.sty
File: amsgen.sty 1999/11/30 v2.0 generic functions
\@emptytoks=\toks16
\ex@=\dimen106
))
(/usr/share/texlive/texmf-dist/tex/latex/amsmath/amsbsy.sty
Package: amsbsy 1999/11/29 v1.2d Bold Symbols
\pmbraise@=\dimen107
)
(/usr/share/texlive/texmf-dist/tex/latex/amsmath/amsopn.sty
Package: amsopn 2016/03/08 v2.02 operator names
)
\inf@bad=\count79
LaTeX Info: Redefining \frac on input line 213.
\uproot@=\count80
\leftroot@=\count81
LaTeX Info: Redefining \overline on input line 375.
\classnum@=\count82
\DOTSCASE@=\count83
LaTeX Info: Redefining \ldots on input line 472.
LaTeX Info: Redefining \dots on input line 475.
LaTeX Info: Redefining \cdots on input line 596.
\Mathstrutbox@=\box26
\strutbox@=\box27
\big@size=\dimen108
LaTeX Font Info:    Redeclaring font encoding OML on input line 712.
LaTeX Font Info:    Redeclaring font encoding OMS on input line 713.
\macc@depth=\count84
\c@MaxMatrixCols=\count85
\dotsspace@=\muskip10
\c@parentequation=\count86
\dspbrk@lvl=\count87
\tag@help=\toks17
\row@=\count88
\column@=\count89
\maxfields@=\count90
\andhelp@=\toks18
\eqnshift@=\dimen109
\alignsep@=\dimen110
\tagshift@=\dimen111
\tagwidth@=\dimen112
\totwidth@=\dimen113
\lineht@=\dimen114
\@envbody=\toks19
\multlinegap=\skip42
\multlinetaggap=\skip43
\mathdisplay@stack=\toks20
LaTeX Info: Redefining \[ on input line 2817.
LaTeX Info: Redefining \] on input line 2818.
)
Document Class 'sig-alternate' <23rd. May '12>. Modified by G.K.M. Tobin/Gerry 
Murray
Based in part upon document Style `acmconf' <22 May 89>. Hacked 4/91 by
shivers@cs.cmu.edu, 4/93 by theobald@cs.mcgill.ca
Excerpts were taken from (Journal Style) 'esub2acm.cls'.
****** Bugs/comments/suggestions/technicalities to Gerry Murray -- murray@hq.ac
m.org ******
Questions on the style, SIGS policies, etc. to Adrienne Griscti griscti@acm.org

\footheight=\dimen115
\@maxsep=\dimen116
\@dblmaxsep=\dimen117
\aucount=\count91
\originalaucount=\count92
\auwidth=\dimen118
\auskip=\dimen119
\auskipcount=\count93
\auskip=\dimen120
\allauboxes=\dimen121
\addauthors=\toks21
\addauflag=\count94
\subtitletext=\toks22
\savesection=\count95
\sectioncntr=\count96
\c@figure=\count97
\c@table=\count98
\titleboxnotes=\toks23
\titleboxnoteflag=\count99
Document Class: sig-alternate 2012/05/23 - V2.5 - based on acmproc.cls V1.3 <No
v. 30 '99>
(/usr/share/texlive/texmf-dist/tex/latex/base/latexsym.sty
Package: latexsym 1998/08/17 v2.2e Standard LaTeX package (lasy symbols)
\symlasy=\mathgroup6
LaTeX Font Info:    Overwriting symbol font `lasy' in version `bold'
(Font)                  U/lasy/m/n --> U/lasy/b/n on input line 52.
)
\@acmtitlebox=\box28
\titlenotecount=\count100
\tntoks=\toks24
\tntokstwo=\toks25
\tntoksthree=\toks26
\tntoksfour=\toks27
\tntoksfive=\toks28
\catcount=\count101
\copyrightnotice=\toks29
\c@part=\count102
\c@section=\count103
\c@subsection=\count104
\c@subsubsection=\count105
\c@paragraph=\count106

Using 'Abbrev' bibliography style
LaTeX Info: Redefining \cite on input line 1224.
\bibindent=\dimen122
\colcntr=\count107
\saveb@x=\box29
\copyrtyr=\toks30
\acmcopyr=\toks31
\boilerplate=\toks32
\copyrightetc=\toks33
(/usr/share/texlive/texmf-dist/tex/latex/base/fontenc.sty
Package: fontenc 2017/04/05 v2.0i Standard LaTeX package

(/usr/share/texlive/texmf-dist/tex/latex/base/t1enc.def
File: t1enc.def 2017/04/05 v2.0i Standard LaTeX file
LaTeX Font Info:    Redeclaring font encoding T1 on input line 48.
)
LaTeX Font Info:    Try loading font information for T1+aer on input line 105.

(/usr/share/texlive/texmf-dist/tex/latex/ae/t1aer.fd
File: t1aer.fd 1997/11/16 Font definitions for T1/aer.
)))
(/usr/share/texlive/texmf-dist/tex/latex/geometry/geometry.sty
Package: geometry 2010/09/12 v5.6 Page Geometry

(/usr/share/texlive/texmf-dist/tex/generic/oberdiek/ifpdf.sty
Package: ifpdf 2017/03/15 v3.2 Provides the ifpdf switch
)
(/usr/share/texlive/texmf-dist/tex/generic/oberdiek/ifvtex.sty
Package: ifvtex 2016/05/16 v1.6 Detect VTeX and its facilities (HO)
Package ifvtex Info: VTeX not detected.
)
(/usr/share/texlive/texmf-dist/tex/generic/ifxetex/ifxetex.sty
Package: ifxetex 2010/09/12 v0.6 Provides ifxetex conditional
)
\Gm@cnth=\count108
\Gm@cntv=\count109
\c@Gm@tempcnt=\count110
\Gm@bindingoffset=\dimen123
\Gm@wd@mp=\dimen124
\Gm@odd@mp=\dimen125
\Gm@even@mp=\dimen126
\Gm@layoutwidth=\dimen127
\Gm@layoutheight=\dimen128
\Gm@layouthoffset=\dimen129
\Gm@layoutvoffset=\dimen130
\Gm@dimlist=\toks34
)
(/usr/share/texlive/texmf-dist/tex/latex/paralist/paralist.sty
Package: paralist 2017/01/22 v2.7 Extended list environments
\pltopsep=\skip44
\plpartopsep=\skip45
\plitemsep=\skip46
\plparsep=\skip47
\pl@lab=\toks35
)
(/usr/share/texlive/texmf-dist/tex/latex/psnfss/pifont.sty
Package: pifont 2005/04/12 PSNFSS-v9.2a Pi font support (SPQR) 
LaTeX Font Info:    Try loading font information for U+pzd on input line 63.

(/usr/share/texlive/texmf-dist/tex/latex/psnfss/upzd.fd
File: upzd.fd 2001/06/04 font definitions for U/pzd.
)
LaTeX Font Info:    Try loading font information for U+psy on input line 64.

(/usr/share/texlive/texmf-dist/tex/latex/psnfss/upsy.fd
File: upsy.fd 2001/06/04 font definitions for U/psy.
))
(/usr/share/texlive/texmf-dist/tex/latex/float/float.sty
Package: float 2001/11/08 v1.3d Float enhancements (AL)
\c@float@type=\count111
\float@exts=\toks36
\float@box=\box30
\@float@everytoks=\toks37
\@floatcapt=\box31
)
(/usr/share/texlive/texmf-dist/tex/latex/tools/bm.sty
Package: bm 2017/01/16 v1.2c Bold Symbol Support (DPC/FMi)
\symboldoperators=\mathgroup7
\symboldletters=\mathgroup8
\symboldsymbols=\mathgroup9
\symboldlasy=\mathgroup10
LaTeX Font Info:    Redeclaring math alphabet \mathbf on input line 141.
LaTeX Info: Redefining \bm on input line 207.
)
(/usr/share/texlive/texmf-dist/tex/latex/comment/comment.sty
\CommentStream=\write3

Excluding comment 'comment')
(/usr/share/texlive/texmf-dist/tex/latex/cases/cases.sty
Package: cases 2002/05/02 ver 2.5 
)
(/usr/share/texlive/texmf-dist/tex/latex/bbm-macros/bbm.sty
Package: bbm 1999/03/15 V 1.2 provides fonts for set symbols - TH
LaTeX Font Info:    Overwriting math alphabet `\mathbbm' in version `bold'
(Font)                  U/bbm/m/n --> U/bbm/bx/n on input line 33.
LaTeX Font Info:    Overwriting math alphabet `\mathbbmss' in version `bold'
(Font)                  U/bbmss/m/n --> U/bbmss/bx/n on input line 35.
)
(/usr/share/texlive/texmf-dist/tex/latex/algorithms/algorithm.sty
Package: algorithm 2009/08/24 v0.1 Document Style `algorithm' - floating enviro
nment

(/usr/share/texlive/texmf-dist/tex/latex/base/ifthen.sty
Package: ifthen 2014/09/29 v1.1c Standard LaTeX ifthen package (DPC)
)
\@float@every@algorithm=\toks38
\c@algorithm=\count112
)
(/usr/share/texlive/texmf-dist/tex/latex/algorithmicx/algpseudocode.sty
Package: algpseudocode 

(/usr/share/texlive/texmf-dist/tex/latex/algorithmicx/algorithmicx.sty
Package: algorithmicx 2005/04/27 v1.2 Algorithmicx

Document Style algorithmicx 1.2 - a greatly improved `algorithmic' style
\c@ALG@line=\count113
\c@ALG@rem=\count114
\c@ALG@nested=\count115
\ALG@tlm=\skip48
\ALG@thistlm=\skip49
\c@ALG@Lnr=\count116
\c@ALG@blocknr=\count117
\c@ALG@storecount=\count118
\c@ALG@tmpcounter=\count119
\ALG@tmplength=\skip50
)
Document Style - pseudocode environments for use with the `algorithmicx' style
) (/usr/share/texlive/texmf-dist/tex/latex/tools/array.sty
Package: array 2016/10/06 v2.4d Tabular extension package (FMi)
\col@sep=\dimen131
\extrarowheight=\dimen132
\NC@list=\toks39
\extratabsurround=\skip51
\backup@length=\skip52
)
(/usr/share/texlive/texmf-dist/tex/latex/preprint/balance.sty
Package: balance 1999/02/23 4.3 (PWD)
\oldvsize=\dimen133
)
(/usr/share/texlive/texmf-dist/tex/latex/multirow/multirow.sty
Package: multirow 2016/11/25 v2.2 Span multiple rows of a table
\multirow@colwidth=\skip53
\multirow@cntb=\count120
\multirow@dima=\skip54
\bigstrutjot=\dimen134
)
(/usr/share/texlive/texmf-dist/tex/latex/psnfss/mathptmx.sty
Package: mathptmx 2005/04/12 PSNFSS-v9.2a Times w/ Math, improved (SPQR, WaS) 
LaTeX Font Info:    Redeclaring symbol font `operators' on input line 28.
LaTeX Font Info:    Overwriting symbol font `operators' in version `normal'
(Font)                  OT1/cmr/m/n --> OT1/ztmcm/m/n on input line 28.
LaTeX Font Info:    Overwriting symbol font `operators' in version `bold'
(Font)                  OT1/cmr/bx/n --> OT1/ztmcm/m/n on input line 28.
LaTeX Font Info:    Redeclaring symbol font `letters' on input line 29.
LaTeX Font Info:    Overwriting symbol font `letters' in version `normal'
(Font)                  OML/cmm/m/it --> OML/ztmcm/m/it on input line 29.
LaTeX Font Info:    Overwriting symbol font `letters' in version `bold'
(Font)                  OML/cmm/b/it --> OML/ztmcm/m/it on input line 29.
LaTeX Font Info:    Redeclaring symbol font `symbols' on input line 30.
LaTeX Font Info:    Overwriting symbol font `symbols' in version `normal'
(Font)                  OMS/cmsy/m/n --> OMS/ztmcm/m/n on input line 30.
LaTeX Font Info:    Overwriting symbol font `symbols' in version `bold'
(Font)                  OMS/cmsy/b/n --> OMS/ztmcm/m/n on input line 30.
LaTeX Font Info:    Redeclaring symbol font `largesymbols' on input line 31.
LaTeX Font Info:    Overwriting symbol font `largesymbols' in version `normal'
(Font)                  OMX/cmex/m/n --> OMX/ztmcm/m/n on input line 31.
LaTeX Font Info:    Overwriting symbol font `largesymbols' in version `bold'
(Font)                  OMX/cmex/m/n --> OMX/ztmcm/m/n on input line 31.
\symbold=\mathgroup11
\symitalic=\mathgroup12
LaTeX Font Info:    Redeclaring math alphabet \mathbf on input line 34.
LaTeX Font Info:    Redeclaring math alphabet \mathit on input line 35.
LaTeX Font Info:    Overwriting math alphabet `\mathit' in version `normal'
(Font)                  OT1/cmr/m/it --> OT1/ptm/m/it on input line 35.
LaTeX Font Info:    Overwriting math alphabet `\mathit' in version `bold'
(Font)                  OT1/cmr/bx/it --> OT1/ptm/m/it on input line 35.
LaTeX Info: Redefining \hbar on input line 50.
)
(/usr/share/texlive/texmf-dist/tex/latex/mathtools/mathtools.sty
Package: mathtools 2018/01/08 v1.21 mathematical typesetting tools

(/usr/share/texlive/texmf-dist/tex/latex/tools/calc.sty
Package: calc 2014/10/28 v4.3 Infix arithmetic (KKT,FJ)
\calc@Acount=\count121
\calc@Bcount=\count122
\calc@Adimen=\dimen135
\calc@Bdimen=\dimen136
\calc@Askip=\skip55
\calc@Bskip=\skip56
LaTeX Info: Redefining \setlength on input line 80.
LaTeX Info: Redefining \addtolength on input line 81.
\calc@Ccount=\count123
\calc@Cskip=\skip57
)
(/usr/share/texlive/texmf-dist/tex/latex/mathtools/mhsetup.sty
Package: mhsetup 2017/03/31 v1.3 programming setup (MH)
)
LaTeX Info: Thecontrolsequence`\('isalreadyrobust on input line 129.
LaTeX Info: Thecontrolsequence`\)'isalreadyrobust on input line 129.
LaTeX Info: Thecontrolsequence`\['isalreadyrobust on input line 129.
LaTeX Info: Thecontrolsequence`\]'isalreadyrobust on input line 129.
\g_MT_multlinerow_int=\count124
\l_MT_multwidth_dim=\dimen137
\origjot=\skip58
\l_MT_shortvdotswithinadjustabove_dim=\dimen138
\l_MT_shortvdotswithinadjustbelow_dim=\dimen139
\l_MT_above_intertext_sep=\dimen140
\l_MT_below_intertext_sep=\dimen141
\l_MT_above_shortintertext_sep=\dimen142
\l_MT_below_shortintertext_sep=\dimen143
)
(/usr/share/texlive/texmf-dist/tex/generic/ulem/ulem.sty
\UL@box=\box32
\UL@hyphenbox=\box33
\UL@skip=\skip59
\UL@hook=\toks40
\UL@height=\dimen144
\UL@pe=\count125
\UL@pixel=\dimen145
\ULC@box=\box34
Package: ulem 2012/05/18
\ULdepth=\dimen146
)
(/usr/share/texlive/texmf-dist/tex/latex/url/url.sty
\Urlmuskip=\muskip11
Package: url 2013/09/16  ver 3.4  Verb mode for urls, etc.
)
(/usr/share/texlive/texmf-dist/tex/latex/fancyhdr/fancyhdr.sty
Package: fancyhdr 2017/06/30 v3.9a Extensive control of page headers and footer
s
\f@nch@headwidth=\skip60
\f@nch@O@elh=\skip61
\f@nch@O@erh=\skip62
\f@nch@O@olh=\skip63
\f@nch@O@orh=\skip64
\f@nch@O@elf=\skip65
\f@nch@O@erf=\skip66
\f@nch@O@olf=\skip67
\f@nch@O@orf=\skip68
)
(/usr/share/texlive/texmf-dist/tex/latex/enumitem/enumitem.sty
Package: enumitem 2011/09/28 v3.5.2 Customized lists
\labelindent=\skip69
\enit@outerparindent=\dimen147
\enit@toks=\toks41
\enit@inbox=\box35
\enitdp@description=\count126
)
(/usr/share/texlive/texmf-dist/tex/latex/units/nicefrac.sty
Package: nicefrac 1998/08/04 v0.9b Nice fractions
\L@UnitsRaiseDisplaystyle=\skip70
\L@UnitsRaiseTextstyle=\skip71
\L@UnitsRaiseScriptstyle=\skip72
)
(/usr/share/texlive/texmf-dist/tex/latex/caption/caption.sty
Package: caption 2016/02/21 v3.3-144 Customizing captions (AR)

(/usr/share/texlive/texmf-dist/tex/latex/caption/caption3.sty
Package: caption3 2016/05/22 v1.7-166 caption3 kernel (AR)
Package caption3 Info: TeX engine: e-TeX on input line 67.
\captionmargin=\dimen148
\captionmargin@=\dimen149
\captionwidth=\dimen150
\caption@tempdima=\dimen151
\caption@indent=\dimen152
\caption@parindent=\dimen153
\caption@hangindent=\dimen154
\abovecaptionskip=\skip73
\belowcaptionskip=\skip74
Package caption Info: Unknown document class (or package),
(caption)             standard defaults will be used.
)

Package caption Warning: Unsupported document class (or package) detected,
(caption)                usage of the caption package is not recommended.
See the caption package documentation for explanation.

Package caption Info: \@makecaption = \long macro:#1#2-> \vskip 10pt \setbox \@
tempboxa \hbox {\textbf {#1: #2}} \ifdim \wd \@tempboxa >\hsize \textbf {#1: #2
}\par \else \hbox to\hsize {\hfil \box \@tempboxa \hfil } \fi .
\c@ContinuedFloat=\count127
Package caption Info: float package is loaded.
) (/usr/share/texlive/texmf-dist/tex/latex/caption/subcaption.sty
Package: subcaption 2016/05/22 v1.1-161 Sub-captions (AR)
\c@subfigure=\count128
\c@subtable=\count129
)
(/usr/share/texlive/texmf-dist/tex/latex/subfloat/subfloat.sty
Package: subfloat 2003/08/21 version 2.14

Package `subfloat', Version 2.14 of 2003/08/21.

Package subfloat Warning: Numbers of floats not counted:
(subfloat)                If you use one of the counters subfloatfiguremax or
(subfloat)                subfloattablemax you will get strange error messages
(subfloat)                containing \c@subfloatfiguremax or
(subfloat)                \c@subfloattablemax:
(subfloat)                Please switch on countmax or remove the code using
(subfloat)                the counter then..

) (/usr/share/texlive/texmf-dist/tex/latex/tools/verbatim.sty
Package: verbatim 2014/10/28 v1.5q LaTeX2e package for verbatim enhancements
\every@verbatim=\toks42
\verbatim@line=\toks43
\verbatim@in@stream=\read1
)
(/usr/share/texlive/texmf-dist/tex/latex/graphics/color.sty
Package: color 2016/07/10 v1.1e Standard LaTeX Color (DPC)

(/usr/share/texlive/texmf-dist/tex/latex/graphics-cfg/color.cfg
File: color.cfg 2016/01/02 v1.6 sample color configuration
)
Package color Info: Driver file: pdftex.def on input line 147.
)
(/usr/share/texlive/texmf-dist/tex/latex/mdwtools/footnote.sty
Package: footnote 1997/01/28 1.13 Save footnotes around boxes
\fn@notes=\box36
\fn@width=\dimen155
)
(/usr/share/texlive/texmf-dist/tex/latex/hyperref/hyperref.sty
Package: hyperref 2018/02/06 v6.86b Hypertext links for LaTeX

(/usr/share/texlive/texmf-dist/tex/generic/oberdiek/hobsub-hyperref.sty
Package: hobsub-hyperref 2016/05/16 v1.14 Bundle oberdiek, subset hyperref (HO)


(/usr/share/texlive/texmf-dist/tex/generic/oberdiek/hobsub-generic.sty
Package: hobsub-generic 2016/05/16 v1.14 Bundle oberdiek, subset generic (HO)
Package: hobsub 2016/05/16 v1.14 Construct package bundles (HO)
Package: infwarerr 2016/05/16 v1.4 Providing info/warning/error messages (HO)
Package: ltxcmds 2016/05/16 v1.23 LaTeX kernel commands for general use (HO)
Package: ifluatex 2016/05/16 v1.4 Provides the ifluatex switch (HO)
Package ifluatex Info: LuaTeX not detected.
Package hobsub Info: Skipping package `ifvtex' (already loaded).
Package: intcalc 2016/05/16 v1.2 Expandable calculations with integers (HO)
Package hobsub Info: Skipping package `ifpdf' (already loaded).
Package: etexcmds 2016/05/16 v1.6 Avoid name clashes with e-TeX commands (HO)
Package etexcmds Info: Could not find \expanded.
(etexcmds)             That can mean that you are not using pdfTeX 1.50 or
(etexcmds)             that some package has redefined \expanded.
(etexcmds)             In the latter case, load this package earlier.
Package: kvsetkeys 2016/05/16 v1.17 Key value parser (HO)
Package: kvdefinekeys 2016/05/16 v1.4 Define keys (HO)
Package: pdftexcmds 2018/01/21 v0.26 Utility functions of pdfTeX for LuaTeX (HO
)
Package pdftexcmds Info: LuaTeX not detected.
Package pdftexcmds Info: \pdf@primitive is available.
Package pdftexcmds Info: \pdf@ifprimitive is available.
Package pdftexcmds Info: \pdfdraftmode found.
Package: pdfescape 2016/05/16 v1.14 Implements pdfTeX's escape features (HO)
Package: bigintcalc 2016/05/16 v1.4 Expandable calculations on big integers (HO
)
Package: bitset 2016/05/16 v1.2 Handle bit-vector datatype (HO)
Package: uniquecounter 2016/05/16 v1.3 Provide unlimited unique counter (HO)
)
Package hobsub Info: Skipping package `hobsub' (already loaded).
Package: letltxmacro 2016/05/16 v1.5 Let assignment for LaTeX macros (HO)
Package: hopatch 2016/05/16 v1.3 Wrapper for package hooks (HO)
Package: xcolor-patch 2016/05/16 xcolor patch
Package: atveryend 2016/05/16 v1.9 Hooks at the very end of document (HO)
Package atveryend Info: \enddocument detected (standard20110627).
Package: atbegshi 2016/06/09 v1.18 At begin shipout hook (HO)
Package: refcount 2016/05/16 v3.5 Data extraction from label references (HO)
Package: hycolor 2016/05/16 v1.8 Color options for hyperref/bookmark (HO)
)
(/usr/share/texlive/texmf-dist/tex/latex/oberdiek/auxhook.sty
Package: auxhook 2016/05/16 v1.4 Hooks for auxiliary files (HO)
)
(/usr/share/texlive/texmf-dist/tex/latex/oberdiek/kvoptions.sty
Package: kvoptions 2016/05/16 v3.12 Key value format for package options (HO)
)
\@linkdim=\dimen156
\Hy@linkcounter=\count130
\Hy@pagecounter=\count131

(/usr/share/texlive/texmf-dist/tex/latex/hyperref/pd1enc.def
File: pd1enc.def 2018/02/06 v6.86b Hyperref: PDFDocEncoding definition (HO)
)
\Hy@SavedSpaceFactor=\count132

(/usr/share/texlive/texmf-dist/tex/latex/latexconfig/hyperref.cfg
File: hyperref.cfg 2002/06/06 v1.2 hyperref configuration of TeXLive
)
Package hyperref Info: Option `bookmarks' set `false' on input line 4383.
Package hyperref Info: Hyper figures OFF on input line 4509.
Package hyperref Info: Link nesting OFF on input line 4514.
Package hyperref Info: Hyper index ON on input line 4517.
Package hyperref Info: Plain pages OFF on input line 4524.
Package hyperref Info: Backreferencing OFF on input line 4529.
Package hyperref Info: Implicit mode ON; LaTeX internals redefined.
Package hyperref Info: Bookmarks OFF on input line 4768.
\c@Hy@tempcnt=\count133
LaTeX Info: Redefining \url on input line 5115.
\XeTeXLinkMargin=\dimen157
\Fld@menulength=\count134
\Field@Width=\dimen158
\Fld@charsize=\dimen159
Package hyperref Info: Hyper figures OFF on input line 6369.
Package hyperref Info: Link nesting OFF on input line 6374.
Package hyperref Info: Hyper index ON on input line 6377.
Package hyperref Info: backreferencing OFF on input line 6384.
Package hyperref Info: Link coloring OFF on input line 6389.
Package hyperref Info: Link coloring with OCG OFF on input line 6394.
Package hyperref Info: PDF/A mode OFF on input line 6399.
LaTeX Info: Redefining \ref on input line 6439.
LaTeX Info: Redefining \pageref on input line 6443.


Package hyperref Warning: Option `pdfpagelabels' is turned off
(hyperref)                because \thepage is undefined.

\c@Item=\count135
\c@Hfootnote=\count136
)
Package hyperref Info: Driver (autodetected): hpdftex.
 (/usr/share/texlive/texmf-dist/tex/latex/hyperref/hpdftex.def
File: hpdftex.def 2018/02/06 v6.86b Hyperref driver for pdfTeX
\Fld@listcount=\count137
\c@bookmark@seq@number=\count138

(/usr/share/texlive/texmf-dist/tex/latex/oberdiek/rerunfilecheck.sty
Package: rerunfilecheck 2016/05/16 v1.8 Rerun checks for auxiliary files (HO)
Package uniquecounter Info: New unique counter `rerunfilecheck' on input line 2
82.
)
\Hy@SectionHShift=\skip75
)
\c@theorem=\count139
\c@proposition=\count140
\c@lemma=\count141
\c@corollary=\count142
\c@claim=\count143
\c@definition=\count144
\c@example=\count145
\c@conjecture=\count146
\c@construction=\count147
\c@remark=\count148
\c@case=\count149
\c@assumption=\count150

(./Second-Draft-HPCA-2018.aux

LaTeX Warning: Label `sec:results' multiply defined.


LaTeX Warning: Label `fig:spec-cycles' multiply defined.


LaTeX Warning: Label `fig:lte_umts' multiply defined.


LaTeX Warning: Label `fig:prefetch1' multiply defined.

)
\openout1 = `Second-Draft-HPCA-2018.aux'.

LaTeX Font Info:    Checking defaults for OML/cmm/m/it on input line 103.
LaTeX Font Info:    ... okay on input line 103.
LaTeX Font Info:    Checking defaults for T1/cmr/m/n on input line 103.
LaTeX Font Info:    ... okay on input line 103.
LaTeX Font Info:    Checking defaults for OT1/cmr/m/n on input line 103.
LaTeX Font Info:    ... okay on input line 103.
LaTeX Font Info:    Checking defaults for OMS/cmsy/m/n on input line 103.
LaTeX Font Info:    ... okay on input line 103.
LaTeX Font Info:    Checking defaults for OMX/cmex/m/n on input line 103.
LaTeX Font Info:    ... okay on input line 103.
LaTeX Font Info:    Checking defaults for U/cmr/m/n on input line 103.
LaTeX Font Info:    ... okay on input line 103.
LaTeX Font Info:    Checking defaults for PD1/pdf/m/n on input line 103.
LaTeX Font Info:    ... okay on input line 103.
LaTeX Font Info:    Try loading font information for T1+ptm on input line 103.
 (/usr/share/texlive/texmf-dist/tex/latex/psnfss/t1ptm.fd
File: t1ptm.fd 2001/06/04 font definitions for T1/ptm.
)
(/usr/share/texlive/texmf-dist/tex/context/base/mkii/supp-pdf.mkii
[Loading MPS to PDF converter (version 2006.09.02).]
\scratchcounter=\count151
\scratchdimen=\dimen160
\scratchbox=\box37
\nofMPsegments=\count152
\nofMParguments=\count153
\everyMPshowfont=\toks44
\MPscratchCnt=\count154
\MPscratchDim=\dimen161
\MPnumerator=\count155
\makeMPintoPDFobject=\count156
\everyMPtoPDFconversion=\toks45
) (/usr/share/texlive/texmf-dist/tex/latex/oberdiek/epstopdf-base.sty
Package: epstopdf-base 2016/05/15 v2.6 Base part for package epstopdf

(/usr/share/texlive/texmf-dist/tex/latex/oberdiek/grfext.sty
Package: grfext 2016/05/16 v1.2 Manage graphics extensions (HO)
)
Package epstopdf-base Info: Redefining graphics rule for `.eps' on input line 4
38.
Package grfext Info: Graphics extension search list:
(grfext)             [.pdf,.png,.jpg,.mps,.jpeg,.jbig2,.jb2,.PDF,.PNG,.JPG,.JPE
G,.JBIG2,.JB2,.eps]
(grfext)             \AppendGraphicsExtensions on input line 456.

(/usr/share/texlive/texmf-dist/tex/latex/latexconfig/epstopdf-sys.cfg
File: epstopdf-sys.cfg 2010/07/13 v1.3 Configuration of (r)epstopdf for TeX Liv
e
))
*geometry* driver: auto-detecting
*geometry* detected driver: pdftex
*geometry* verbose mode - [ preamble ] result:
* pass: disregarded the geometry package!
* \paperwidth=614.295pt
* \paperheight=794.96999pt
* \textwidth=504.0pt
* \textheight=666.0pt
* \oddsidemargin=-18.26999pt
* \evensidemargin=-18.26999pt
* \topmargin=-55.26999pt
* \headheight=12.0pt
* \headsep=25.0pt
* \topskip=10.0pt
* \footskip=30.0pt
* \marginparwidth=0.0pt
* \marginparsep=11.0pt
* \columnsep=24.0pt
* \skip\footins=8.1pt plus 4.0pt minus 2.0pt
* \hoffset=0.0pt
* \voffset=0.0pt
* \mag=1000
* \@twocolumntrue
* \@twosidetrue
* \@mparswitchtrue
* \@reversemarginfalse
* (1in=72.27pt=25.4mm, 1cm=28.453pt)

Package caption Info: Begin \AtBeginDocument code.
Package caption Info: hyperref package is loaded.
Package caption Info: End \AtBeginDocument code.
\AtBeginShipoutBox=\box38
Package hyperref Info: Link coloring OFF on input line 103.
(/usr/share/texlive/texmf-dist/tex/latex/hyperref/nameref.sty
Package: nameref 2016/05/21 v2.44 Cross-referencing by name of section

(/usr/share/texlive/texmf-dist/tex/generic/oberdiek/gettitlestring.sty
Package: gettitlestring 2016/05/16 v1.5 Cleanup title references (HO)
)
\c@section@level=\count157
)
LaTeX Info: Redefining \ref on input line 103.
LaTeX Info: Redefining \pageref on input line 103.
LaTeX Info: Redefining \nameref on input line 103.
LaTeX Font Info:    Try loading font information for OT1+ztmcm on input line 10
5.

(/usr/share/texlive/texmf-dist/tex/latex/psnfss/ot1ztmcm.fd
File: ot1ztmcm.fd 2000/01/03 Fontinst v1.801 font definitions for OT1/ztmcm.
)
LaTeX Font Info:    Try loading font information for OML+ztmcm on input line 10
5.

(/usr/share/texlive/texmf-dist/tex/latex/psnfss/omlztmcm.fd
File: omlztmcm.fd 2000/01/03 Fontinst v1.801 font definitions for OML/ztmcm.
)
LaTeX Font Info:    Try loading font information for OMS+ztmcm on input line 10
5.

(/usr/share/texlive/texmf-dist/tex/latex/psnfss/omsztmcm.fd
File: omsztmcm.fd 2000/01/03 Fontinst v1.801 font definitions for OMS/ztmcm.
)
LaTeX Font Info:    Try loading font information for OMX+ztmcm on input line 10
5.

(/usr/share/texlive/texmf-dist/tex/latex/psnfss/omxztmcm.fd
File: omxztmcm.fd 2000/01/03 Fontinst v1.801 font definitions for OMX/ztmcm.
)
LaTeX Font Info:    Try loading font information for U+lasy on input line 105.

(/usr/share/texlive/texmf-dist/tex/latex/base/ulasy.fd
File: ulasy.fd 1998/08/17 v2.2e LaTeX symbol font definitions
)
LaTeX Font Info:    Font shape `U/lasy/b/n' in size <7.4> not available
(Font)              Font shape `U/lasy/m/n' tried instead on input line 105.
LaTeX Font Info:    Font shape `U/lasy/b/n' in size <6> not available
(Font)              Font shape `U/lasy/m/n' tried instead on input line 105.
LaTeX Font Info:    Try loading font information for OT1+ptm on input line 105.


(/usr/share/texlive/texmf-dist/tex/latex/psnfss/ot1ptm.fd
File: ot1ptm.fd 2001/06/04 font definitions for OT1/ptm.
)
LaTeX Font Info:    Font shape `OT1/ptm/bx/n' in size <10> not available
(Font)              Font shape `OT1/ptm/b/n' tried instead on input line 105.
LaTeX Font Info:    Font shape `OT1/ptm/bx/n' in size <7.4> not available
(Font)              Font shape `OT1/ptm/b/n' tried instead on input line 105.
LaTeX Font Info:    Font shape `OT1/ptm/bx/n' in size <6> not available
(Font)              Font shape `OT1/ptm/b/n' tried instead on input line 105.

(./tex_files/00abstract.tex) (./tex_files/01introduction.tex
LaTeX Font Info:    Font shape `T1/ptm/bx/n' in size <10> not available
(Font)              Font shape `T1/ptm/b/n' tried instead on input line 3.


LaTeX Warning: Citation `Moore' on page \thepage  undefined on input line 3.


LaTeX Warning: Citation `hennesey' on page \thepage  undefined on input line 3.



LaTeX Warning: Citation `Wulf1995' on page \thepage  undefined on input line 3.



LaTeX Warning: Citation `zhao2006new' on page \thepage  undefined on input line
 5.


LaTeX Warning: Citation `kapasi2003programmable' on page \thepage  undefined on
 input line 5.


LaTeX Warning: Citation `patterson1997case' on page \thepage  undefined on inpu
t line 5.


LaTeX Warning: Citation `hennesey' on page \thepage  undefined on input line 5.



LaTeX Warning: Citation `Ramulator' on page \thepage  undefined on input line 2
5.


Underfull \vbox (badness 10000) has occurred while \output is active []

 [1{/var/lib/texmf/fonts/map/pdftex/updmap/pdftex.map}


]
<figures/multicore-sys.pdf, id=22, 720.40726pt x 580.90837pt>
File: figures/multicore-sys.pdf Graphic file (type pdf)
<use figures/multicore-sys.pdf>
Package pdftex.def Info: figures/multicore-sys.pdf  used on input line 36.
(pdftex.def)             Requested size: 204.00146pt x 164.49693pt.
) (./tex_files/02background.tex
Overfull \hbox (12.3876pt too wide) in paragraph at lines 4--5
[]\T1/ptm/m/n/10 This sec-tion pro-vides rel-e-vant back-ground in-for-ma-tion 
multi-
 []


LaTeX Warning: Citation `patterson1997case' on page 2 undefined on input line 1
1.


LaTeX Warning: Citation `kapasi2003programmable' on page 2 undefined on input l
ine 11.


LaTeX Warning: Citation `MacSlo' on page 2 undefined on input line 32.


LaTeX Warning: Citation `MacSlo' on page 2 undefined on input line 32.


LaTeX Warning: Citation `RS1960' on page 2 undefined on input line 34.


LaTeX Warning: Citation `shanmugam' on page 2 undefined on input line 34.


LaTeX Warning: Citation `GW16' on page 2 undefined on input line 34.


LaTeX Warning: Citation `intel' on page 2 undefined on input line 34.


LaTeX Warning: Citation `kim' on page 2 undefined on input line 34.


LaTeX Warning: Citation `ibm' on page 2 undefined on input line 34.

[2 <./figures/multicore-sys.pdf>]
<figures/example-inter-bank.pdf, id=100, 403.88301pt x 216.91328pt>
File: figures/example-inter-bank.pdf Graphic file (type pdf)
<use figures/example-inter-bank.pdf>
Package pdftex.def Info: figures/example-inter-bank.pdf  used on input line 82.

(pdftex.def)             Requested size: 155.99854pt x 83.78162pt.


LaTeX Warning: Citation `Suzuki' on page 3 undefined on input line 102.


LaTeX Warning: Citation `WLCH14' on page 3 undefined on input line 102.


LaTeX Warning: Citation `ACP88' on page 3 undefined on input line 104.


LaTeX Warning: Citation `EMY91' on page 3 undefined on input line 104.


LaTeX Warning: Citation `RG91' on page 3 undefined on input line 104.


LaTeX Warning: Citation `CCES93' on page 3 undefined on input line 104.


LaTeX Warning: Citation `Memoir_xor' on page 3 undefined on input line 104.


LaTeX Warning: Citation `Memoir_xor_virtual' on page 3 undefined on input line 
104.


LaTeX Warning: Citation `ACP88' on page 3 undefined on input line 104.


LaTeX Warning: Citation `RG91' on page 3 undefined on input line 104.


LaTeX Warning: Citation `Memoir_xor' on page 3 undefined on input line 104.


LaTeX Warning: Citation `Memoir_xor_virtual' on page 3 undefined on input line 
104.


LaTeX Warning: Citation `MacSlo' on page 3 undefined on input line 106.


LaTeX Warning: Citation `Weatherspoon:2002' on page 3 undefined on input line 1
06.


Overfull \hbox (3.77745pt too wide) in paragraph at lines 106--107
[]\T1/ptm/m/n/10 We briefly il-lus-trate in Fig. []3[] how such em-u-la-tions o
f multi-
 []


Overfull \hbox (5.26991pt too wide) in paragraph at lines 106--107
\OT1/ptm/b/n/10 b \OT1/ztmcm/m/n/10 = [\OML/ztmcm/m/it/10 b\OT1/ztmcm/m/n/10 (1
)\OML/ztmcm/m/it/10 ; [] ; b\OT1/ztmcm/m/n/10 (\OML/ztmcm/m/it/10 L\OT1/ztmcm/m
/n/10 )][]$\T1/ptm/m/n/10 . We are given single-port mem-ory banks
 []


Overfull \hbox (2.55714pt too wide) in paragraph at lines 106--107
\T1/ptm/m/n/10 ob-ser-va-tion is con-sis-tent with sim-i-lar trends ob-served i
n other
 []


LaTeX Warning: Citation `batchcodes' on page 3 undefined on input line 108.


LaTeX Warning: Citation `RSDG16' on page 3 undefined on input line 108.


LaTeX Warning: Citation `WKCB17' on page 3 undefined on input line 108.


Underfull \vbox (badness 1769) has occurred while \output is active []

 [3 <./figures/example-inter-bank.pdf>]
<figures/read-replication.pdf, id=182, 541.5657pt x 566.59224pt>
File: figures/read-replication.pdf Graphic file (type pdf)
<use figures/read-replication.pdf>
Package pdftex.def Info: figures/read-replication.pdf  used on input line 114.
(pdftex.def)             Requested size: 109.74081pt x 114.81671pt.
LaTeX Font Info:    Font shape `U/lasy/b/n' in size <8> not available
(Font)              Font shape `U/lasy/m/n' tried instead on input line 115.
LaTeX Font Info:    Font shape `U/lasy/b/n' in size <5> not available
(Font)              Font shape `U/lasy/m/n' tried instead on input line 115.
LaTeX Font Info:    Font shape `OT1/ptm/bx/n' in size <8> not available
(Font)              Font shape `OT1/ptm/b/n' tried instead on input line 115.
LaTeX Font Info:    Font shape `OT1/ptm/bx/n' in size <5> not available
(Font)              Font shape `OT1/ptm/b/n' tried instead on input line 115.
<figures/example-xor.pdf, id=183, 437.7666pt x 547.4628pt>
File: figures/example-xor.pdf Graphic file (type pdf)
<use figures/example-xor.pdf>
Package pdftex.def Info: figures/example-xor.pdf  used on input line 120.
(pdftex.def)             Requested size: 90.77141pt x 113.51869pt.


LaTeX Warning: Citation `ACP88' on page 4 undefined on input line 129.


Overfull \hbox (6.6173pt too wide) in paragraph at lines 129--130
\T1/ptm/m/n/10 based em-u-la-tion of multi-port mem-ory us-ing single-port mem-

 []


LaTeX Warning: Citation `ACP88' on page 4 undefined on input line 131.

LaTeX Font Info:    Font shape `U/lasy/b/n' in size <9> not available
(Font)              Font shape `U/lasy/m/n' tried instead on input line 131.
LaTeX Font Info:    Font shape `U/lasy/b/n' in size <7> not available
(Font)              Font shape `U/lasy/m/n' tried instead on input line 131.
LaTeX Font Info:    Font shape `OT1/ptm/bx/n' in size <9> not available
(Font)              Font shape `OT1/ptm/b/n' tried instead on input line 131.
LaTeX Font Info:    Font shape `OT1/ptm/bx/n' in size <7> not available
(Font)              Font shape `OT1/ptm/b/n' tried instead on input line 131.

Overfull \hbox (2.01833pt too wide) in paragraph at lines 131--132
[]\T1/ptm/m/n/10 Focusing on coding-based mem-ory de-signs to sup-port con-
 []


Overfull \hbox (4.64763pt too wide) in paragraph at lines 133--135
[]\T1/ptm/m/it/10 Note that the replication-based em-u-la-tion de-
 []

<figures/sk_hynix_hbm_dram_3.jpg, id=188, 1067.99pt x 798.985pt>
File: figures/sk_hynix_hbm_dram_3.jpg Graphic file (type jpg)
<use figures/sk_hynix_hbm_dram_3.jpg>
Package pdftex.def Info: figures/sk_hynix_hbm_dram_3.jpg  used on input line 14
7.
(pdftex.def)             Requested size: 237.60132pt x 177.75226pt.
LaTeX Font Info:    Try loading font information for T1+aett on input line 151.

(/usr/share/texlive/texmf-dist/tex/latex/ae/t1aett.fd
File: t1aett.fd 1997/11/16 Font definitions for T1/aett.
)

LaTeX Warning: Citation `kim2014hbm' on page 4 undefined on input line 157.

[4 <./figures/read-replication.pdf> <./figures/example-xor.pdf> <./figures/sk_h
ynix_hbm_dram_3.jpg>]
<figures/New_architecture.pdf, id=259, 521.76468pt x 287.82231pt>
File: figures/New_architecture.pdf Graphic file (type pdf)
<use figures/New_architecture.pdf>
Package pdftex.def Info: figures/New_architecture.pdf  used on input line 169.
(pdftex.def)             Requested size: 240.0pt x 132.39107pt.


LaTeX Warning: Citation `HMC_slides' on page 5 undefined on input line 210.


Overfull \hbox (7.31813pt too wide) in paragraph at lines 210--212
[]\T1/ptm/m/it/10 We note that the Hy-brid Mem-ory Cube (HMC)
 []

[5 <./figures/New_architecture.pdf>]

LaTeX Warning: Citation `khan' on page 6 undefined on input line 224.


LaTeX Warning: Citation `dimakis' on page 6 undefined on input line 224.


LaTeX Warning: Citation `Azure12' on page 6 undefined on input line 224.


LaTeX Warning: Citation `sathiamoorthy' on page 6 undefined on input line 224.


LaTeX Warning: Citation `Hitchhiker' on page 6 undefined on input line 224.


LaTeX Warning: Citation `batchcodes' on page 6 undefined on input line 224.


LaTeX Warning: Citation `RPDV16' on page 6 undefined on input line 224.


LaTeX Warning: Citation `RSDG16' on page 6 undefined on input line 224.


LaTeX Warning: Citation `WKCB17' on page 6 undefined on input line 224.


LaTeX Warning: Citation `luan2017dynamic' on page 6 undefined on input line 226
.


LaTeX Warning: Citation `luan2017intelligent' on page 6 undefined on input line
 226.


LaTeX Warning: Citation `luan2017intelligent2' on page 6 undefined on input lin
e 226.


LaTeX Warning: Citation `luan2017dynamic' on page 6 undefined on input line 226
.


LaTeX Warning: Citation `luan2017intelligent' on page 6 undefined on input line
 226.


LaTeX Warning: Citation `luan2017intelligent2' on page 6 undefined on input lin
e 226.


LaTeX Warning: Citation `RG91' on page 6 undefined on input line 228.


LaTeX Warning: Citation `Memoir_xor' on page 6 undefined on input line 228.


LaTeX Warning: Citation `Memoir_xor_virtual' on page 6 undefined on input line 
228.


LaTeX Warning: Citation `EMY91' on page 6 undefined on input line 230.


LaTeX Warning: Citation `EMY91' on page 6 undefined on input line 230.

) (./tex_files/03codeDforDM.tex) (./tex_files/04codingArchitecture.tex
<figures/Code-Design.pdf, id=286, 1023.3934pt x 403.81332pt>
File: figures/Code-Design.pdf Graphic file (type pdf)
<use figures/Code-Design.pdf>
Package pdftex.def Info: figures/Code-Design.pdf  used on input line 2.
(pdftex.def)             Requested size: 352.79846pt x 139.20483pt.

Overfull \hbox (6.58714pt too wide) in paragraph at lines 21--22
[]\T1/ptm/m/n/10 We rely on a sys-tem-atic Reed-Solomon (RS) cod-ing scheme
 []


LaTeX Warning: Citation `huang' on page 6 undefined on input line 24.


LaTeX Warning: Citation `sathiamoorthy' on page 6 undefined on input line 24.


LaTeX Warning: Citation `shanmugam' on page 6 undefined on input line 24.


LaTeX Warning: Citation `sathiamoorthy' on page 6 undefined on input line 24.


Overfull \hbox (1.79749pt too wide) in paragraph at lines 23--25
\T1/ptm/m/n/10 mal in terms of their stor-age ef-fi-ciency. Ad-di-tion-ally, de
cades
 []

[6]
Overfull \hbox (4.75801pt too wide) in paragraph at lines 36--37
[]\T1/ptm/m/it/10 Note that the re-dun-dancy in the stor-age space
 []


Overfull \hbox (2.6275pt too wide) in paragraph at lines 36--37
\T1/ptm/m/it/10 helps en-able con-cur-rent read ac-cesses by treat-ing the bloc
ked
 []


Overfull \hbox (4.26765pt too wide) in paragraph at lines 103--104
[]\T1/ptm/m/n/10 As men-tioned ear-lier, all ac-cess re-quests need to go throu
gh
 []

[7 <./figures/Code-Design.pdf>]
<figures/Read-algo-new.pdf, id=425, 576.69916pt x 756.34805pt>
File: figures/Read-algo-new.pdf Graphic file (type pdf)
<use figures/Read-algo-new.pdf>
Package pdftex.def Info: figures/Read-algo-new.pdf  used on input line 131.
(pdftex.def)             Requested size: 204.00146pt x 267.55331pt.
 [8 <./figures/Read-algo-new.pdf>]
<figures/Write-algo-new.pdf, id=482, 500.00632pt x 749.56532pt>
File: figures/Write-algo-new.pdf Graphic file (type pdf)
<use figures/Write-algo-new.pdf>
Package pdftex.def Info: figures/Write-algo-new.pdf  used on input line 142.
(pdftex.def)             Requested size: 192.00073pt x 287.82295pt.
)
(./tex_files/05experimentMethod.tex [9 <./figures/Write-algo-new.pdf>]
<figures/ChAddressing.pdf, id=540, 960.40869pt x 56.04277pt>
File: figures/ChAddressing.pdf Graphic file (type pdf)
<use figures/ChAddressing.pdf>
Package pdftex.def Info: figures/ChAddressing.pdf  used on input line 49.
(pdftex.def)             Requested size: 235.19897pt x 13.72417pt.
<figures/single-core-cpu.png, id=541, 654.94687pt x 446.16687pt>
File: figures/single-core-cpu.png Graphic file (type png)
<use figures/single-core-cpu.png>
Package pdftex.def Info: figures/single-core-cpu.png  used on input line 57.
(pdftex.def)             Requested size: 215.99854pt x 147.14021pt.
<figures/multi-core-cpu.png, id=543, 655.95062pt x 436.12938pt>
File: figures/multi-core-cpu.png Graphic file (type png)
<use figures/multi-core-cpu.png>
Package pdftex.def Info: figures/multi-core-cpu.png  used on input line 63.
(pdftex.def)             Requested size: 215.99854pt x 143.61035pt.
<figures/spec-cycles-all.pdf, id=544, 1120.185pt x 276.03125pt>
File: figures/spec-cycles-all.pdf Graphic file (type pdf)
<use figures/spec-cycles-all.pdf>
Package pdftex.def Info: figures/spec-cycles-all.pdf  used on input line 71.
(pdftex.def)             Requested size: 504.0pt x 124.19606pt.


LaTeX Warning: Citation `Ramulator' on page 10 undefined on input line 79.


LaTeX Warning: Citation `SPEC2006' on page 10 undefined on input line 79.


LaTeX Warning: Citation `mcf' on page 10 undefined on input line 101.


Overfull \hbox (5.988pt too wide) in paragraph at lines 129--130
\T1/ptm/m/n/10 im-prove-ments are mod-est com-pared to those of the SPEC2006
 []


Underfull \hbox (badness 10000) in paragraph at lines 129--130

 []

<figures/soc.pdf, id=550, 1101.11375pt x 412.54124pt>
File: figures/soc.pdf Graphic file (type pdf)
<use figures/soc.pdf>
Package pdftex.def Info: figures/soc.pdf  used on input line 132.
(pdftex.def)             Requested size: 378.0pt x 141.62186pt.
<figures/prefetch1.pdf, id=551, 728.35063pt x 489.81204pt>
File: figures/prefetch1.pdf Graphic file (type pdf)
<use figures/prefetch1.pdf>
Package pdftex.def Info: figures/prefetch1.pdf  used on input line 168.
(pdftex.def)             Requested size: 216.80647pt x 133.20021pt.
<figures/prefetch2.pdf, id=552, 560.41518pt x 415.31955pt>
File: figures/prefetch2.pdf Graphic file (type pdf)
<use figures/prefetch2.pdf>
Package pdftex.def Info: figures/prefetch2.pdf  used on input line 169.
(pdftex.def)             Requested size: 187.90485pt x 133.19647pt.
) (./tex_files/results.tex
File: figures/spec-cycles-all.pdf Graphic file (type pdf)
<use figures/spec-cycles-all.pdf>
Package pdftex.def Info: figures/spec-cycles-all.pdf  used on input line 3.
(pdftex.def)             Requested size: 488.88062pt x 120.46854pt.
 [10 <./figures/ChAddressing.pdf> <./figures/single-core-cpu.png> <./figures/mu
lti-core-cpu.png>]

LaTeX Warning: Citation `mcf' on page 11 undefined on input line 25.


Underfull \vbox (badness 10000) has occurred while \output is active []


Overfull \hbox (5.988pt too wide) in paragraph at lines 53--54
\T1/ptm/m/n/10 im-prove-ments are mod-est com-pared to those of the SPEC2006
 []


Underfull \hbox (badness 10000) in paragraph at lines 53--54

 []

File: figures/soc.pdf Graphic file (type pdf)
<use figures/soc.pdf>
Package pdftex.def Info: figures/soc.pdf  used on input line 56.
(pdftex.def)             Requested size: 378.0pt x 141.62186pt.
File: figures/prefetch1.pdf Graphic file (type pdf)
<use figures/prefetch1.pdf>
Package pdftex.def Info: figures/prefetch1.pdf  used on input line 92.
(pdftex.def)             Requested size: 216.80647pt x 133.20021pt.
File: figures/prefetch2.pdf Graphic file (type pdf)
<use figures/prefetch2.pdf>
Package pdftex.def Info: figures/prefetch2.pdf  used on input line 93.
(pdftex.def)             Requested size: 187.90485pt x 133.19647pt.
) (./tex_files/conclusion.tex
Overfull \hbox (12.05759pt too wide) in paragraph at lines 4--5
[]\T1/ptm/m/n/10 This pa-per pro-poses a coded mem-ory sys-tem that is amenable

 []

(./tex_files/prefetching.tex

LaTeX Warning: Citation `Kim2016' on page 11 undefined on input line 5.


LaTeX Warning: Citation `Kadjo2014' on page 11 undefined on input line 5.


LaTeX Warning: Citation `Shevgoor2015' on page 11 undefined on input line 5.


LaTeX Warning: Citation `JL2013' on page 11 undefined on input line 5.

[11 <./figures/spec-cycles-all.pdf> <./figures/soc.pdf>]))
Overfull \hbox (10.38829pt too wide) in paragraph at lines 150--150
[]\secfnt HBM DE-TAILS: RE-MOVED FROM BACK-
 []

No file Second-Draft-HPCA-2018.bbl.
Package atveryend Info: Empty hook `BeforeClearDocument' on input line 174.
[12 <./figures/prefetch1.pdf> <./figures/prefetch2.pdf>] [13]
Package atveryend Info: Empty hook `AfterLastShipout' on input line 174.

(./Second-Draft-HPCA-2018.aux)
Package atveryend Info: Empty hook `AtVeryEndDocument' on input line 174.
Package atveryend Info: Empty hook `AtEndAfterFileList' on input line 174.


LaTeX Warning: There were multiply-defined labels.

Package atveryend Info: Empty hook `AtVeryVeryEnd' on input line 174.
 ) 
Here is how much of TeX's memory you used:
 10587 strings out of 492982
 157672 string characters out of 6134896
 270493 words of memory out of 5000000
 13773 multiletter control sequences out of 15000+600000
 100847 words of font info for 170 fonts, out of 8000000 for 9000
 1141 hyphenation exceptions out of 8191
 39i,12n,43p,1535b,553s stack positions out of 5000i,500n,10000p,200000b,80000s
{/usr/share/texlive/texmf-dist/fonts/enc/dvips/base/8r.enc}</usr/share/texliv
e/texmf-dist/fonts/type1/public/amsfonts/cm/cmbx10.pfb></usr/share/texlive/texm
f-dist/fonts/type1/public/amsfonts/cm/cmex10.pfb></usr/share/texlive/texmf-dist
/fonts/type1/public/amsfonts/cm/cmmi10.pfb></usr/share/texlive/texmf-dist/fonts
/type1/public/amsfonts/cm/cmr10.pfb></usr/share/texlive/texmf-dist/fonts/type1/
public/amsfonts/cm/cmr7.pfb></usr/share/texlive/texmf-dist/fonts/type1/public/a
msfonts/cm/cmsy10.pfb></usr/share/texlive/texmf-dist/fonts/type1/public/amsfont
s/cm/cmtt10.pfb></usr/share/texlive/texmf-dist/fonts/type1/public/amsfonts/cm/c
mtt8.pfb></usr/share/texlive/texmf-dist/fonts/type1/public/amsfonts/cm/cmtt9.pf
b></usr/share/texlive/texmf-dist/fonts/type1/public/amsfonts/symbols/msam10.pfb
></usr/share/texlive/texmf-dist/fonts/type1/public/amsfonts/symbols/msbm10.pfb>
</usr/share/texlive/texmf-dist/fonts/type1/urw/helvetic/uhvb8a.pfb></usr/share/
texlive/texmf-dist/fonts/type1/urw/symbol/usyr.pfb></usr/share/texlive/texmf-di
st/fonts/type1/urw/symbol/usyr.pfb></usr/share/texlive/texmf-dist/fonts/type1/u
rw/times/utmb8a.pfb></usr/share/texlive/texmf-dist/fonts/type1/urw/times/utmr8a
.pfb></usr/share/texlive/texmf-dist/fonts/type1/urw/times/utmri8a.pfb>
Output written on Second-Draft-HPCA-2018.pdf (13 pages, 1970352 bytes).
PDF statistics:
 747 PDF objects out of 1000 (max. 8388607)
 617 compressed objects within 7 object streams
 71 named destinations out of 1000 (max. 500000)
 81 words of extra memory for PDF output out of 10000 (max. 10000000)

