This is pdfTeX, Version 3.1415926-2.5-1.40.14 (TeX Live 2013) (format=pdflatex 2013.5.30)  17 FEB 2019 19:22
entering extended mode
 restricted \write18 enabled.
 %&-line parsing enabled.
**First-Draft-HPCA-2018.tex
(./First-Draft-HPCA-2018.tex
LaTeX2e <2011/06/27>
Babel <3.9f> and hyphenation patterns for 78 languages loaded.
(./sig-alternate.cls
(/usr/local/texlive/2013/texmf-dist/tex/latex/graphics/epsfig.sty
Package: epsfig 1999/02/16 v1.7a (e)psfig emulation (SPQR)

(/usr/local/texlive/2013/texmf-dist/tex/latex/graphics/graphicx.sty
Package: graphicx 1999/02/16 v1.0f Enhanced LaTeX Graphics (DPC,SPQR)

(/usr/local/texlive/2013/texmf-dist/tex/latex/graphics/keyval.sty
Package: keyval 1999/03/16 v1.13 key=value parser (DPC)
\KV@toks@=\toks14
)
(/usr/local/texlive/2013/texmf-dist/tex/latex/graphics/graphics.sty
Package: graphics 2009/02/05 v1.0o Standard LaTeX Graphics (DPC,SPQR)

(/usr/local/texlive/2013/texmf-dist/tex/latex/graphics/trig.sty
Package: trig 1999/03/16 v1.09 sin cos tan (DPC)
)
(/usr/local/texlive/2013/texmf-dist/tex/latex/latexconfig/graphics.cfg
File: graphics.cfg 2010/04/23 v1.9 graphics configuration of TeX Live
)
Package graphics Info: Driver file: pdftex.def on input line 91.

(/usr/local/texlive/2013/texmf-dist/tex/latex/pdftex-def/pdftex.def
File: pdftex.def 2011/05/27 v0.06d Graphics/color for pdfTeX

(/usr/local/texlive/2013/texmf-dist/tex/generic/oberdiek/infwarerr.sty
Package: infwarerr 2010/04/08 v1.3 Providing info/warning/error messages (HO)
)
(/usr/local/texlive/2013/texmf-dist/tex/generic/oberdiek/ltxcmds.sty
Package: ltxcmds 2011/11/09 v1.22 LaTeX kernel commands for general use (HO)
)
\Gread@gobject=\count79
))
\Gin@req@height=\dimen102
\Gin@req@width=\dimen103
)
\epsfxsize=\dimen104
\epsfysize=\dimen105
)
(/usr/local/texlive/2013/texmf-dist/tex/latex/amsfonts/amssymb.sty
Package: amssymb 2013/01/14 v3.01 AMS font symbols

(/usr/local/texlive/2013/texmf-dist/tex/latex/amsfonts/amsfonts.sty
Package: amsfonts 2013/01/14 v3.01 Basic AMSFonts support
\@emptytoks=\toks15
\symAMSa=\mathgroup4
\symAMSb=\mathgroup5
LaTeX Font Info:    Overwriting math alphabet `\mathfrak' in version `bold'
(Font)                  U/euf/m/n --> U/euf/b/n on input line 106.
))
(/usr/local/texlive/2013/texmf-dist/tex/latex/amsmath/amsmath.sty
Package: amsmath 2013/01/14 v2.14 AMS math features
\@mathmargin=\skip41

For additional information on amsmath, use the `?' option.
(/usr/local/texlive/2013/texmf-dist/tex/latex/amsmath/amstext.sty
Package: amstext 2000/06/29 v2.01

(/usr/local/texlive/2013/texmf-dist/tex/latex/amsmath/amsgen.sty
File: amsgen.sty 1999/11/30 v2.0
\@emptytoks=\toks16
\ex@=\dimen106
))
(/usr/local/texlive/2013/texmf-dist/tex/latex/amsmath/amsbsy.sty
Package: amsbsy 1999/11/29 v1.2d
\pmbraise@=\dimen107
)
(/usr/local/texlive/2013/texmf-dist/tex/latex/amsmath/amsopn.sty
Package: amsopn 1999/12/14 v2.01 operator names
)
\inf@bad=\count80
LaTeX Info: Redefining \frac on input line 210.
\uproot@=\count81
\leftroot@=\count82
LaTeX Info: Redefining \overline on input line 306.
\classnum@=\count83
\DOTSCASE@=\count84
LaTeX Info: Redefining \ldots on input line 378.
LaTeX Info: Redefining \dots on input line 381.
LaTeX Info: Redefining \cdots on input line 466.
\Mathstrutbox@=\box26
\strutbox@=\box27
\big@size=\dimen108
LaTeX Font Info:    Redeclaring font encoding OML on input line 566.
LaTeX Font Info:    Redeclaring font encoding OMS on input line 567.
\macc@depth=\count85
\c@MaxMatrixCols=\count86
\dotsspace@=\muskip10
\c@parentequation=\count87
\dspbrk@lvl=\count88
\tag@help=\toks17
\row@=\count89
\column@=\count90
\maxfields@=\count91
\andhelp@=\toks18
\eqnshift@=\dimen109
\alignsep@=\dimen110
\tagshift@=\dimen111
\tagwidth@=\dimen112
\totwidth@=\dimen113
\lineht@=\dimen114
\@envbody=\toks19
\multlinegap=\skip42
\multlinetaggap=\skip43
\mathdisplay@stack=\toks20
LaTeX Info: Redefining \[ on input line 2665.
LaTeX Info: Redefining \] on input line 2666.
)
Document Class 'sig-alternate' <23rd. May '12>. Modified by G.K.M. Tobin/Gerry 
Murray
Based in part upon document Style `acmconf' <22 May 89>. Hacked 4/91 by
shivers@cs.cmu.edu, 4/93 by theobald@cs.mcgill.ca
Excerpts were taken from (Journal Style) 'esub2acm.cls'.
****** Bugs/comments/suggestions/technicalities to Gerry Murray -- murray@hq.ac
m.org ******
Questions on the style, SIGS policies, etc. to Adrienne Griscti griscti@acm.org

\footheight=\dimen115
\@maxsep=\dimen116
\@dblmaxsep=\dimen117
\aucount=\count92
\originalaucount=\count93
\auwidth=\dimen118
\auskip=\dimen119
\auskipcount=\count94
\auskip=\dimen120
\allauboxes=\dimen121
\addauthors=\toks21
\addauflag=\count95
\subtitletext=\toks22
\savesection=\count96
\sectioncntr=\count97
\c@figure=\count98
\c@table=\count99
\titleboxnotes=\toks23
\titleboxnoteflag=\count100
Document Class: sig-alternate 2012/05/23 - V2.5 - based on acmproc.cls V1.3 <No
v. 30 '99>
(/usr/local/texlive/2013/texmf-dist/tex/latex/base/latexsym.sty
Package: latexsym 1998/08/17 v2.2e Standard LaTeX package (lasy symbols)
\symlasy=\mathgroup6
LaTeX Font Info:    Overwriting symbol font `lasy' in version `bold'
(Font)                  U/lasy/m/n --> U/lasy/b/n on input line 47.
)
\@acmtitlebox=\box28
\titlenotecount=\count101
\tntoks=\toks24
\tntokstwo=\toks25
\tntoksthree=\toks26
\tntoksfour=\toks27
\tntoksfive=\toks28
\catcount=\count102
\copyrightnotice=\toks29
\c@part=\count103
\c@section=\count104
\c@subsection=\count105
\c@subsubsection=\count106
\c@paragraph=\count107

Using 'Abbrev' bibliography style
LaTeX Info: Redefining \cite on input line 1224.
\bibindent=\dimen122
\colcntr=\count108
\saveb@x=\box29
\copyrtyr=\toks30
\acmcopyr=\toks31
\boilerplate=\toks32
\copyrightetc=\toks33
(/usr/local/texlive/2013/texmf-dist/tex/latex/base/fontenc.sty
Package: fontenc 2005/09/27 v1.99g Standard LaTeX package

(/usr/local/texlive/2013/texmf-dist/tex/latex/base/t1enc.def
File: t1enc.def 2005/09/27 v1.99g Standard LaTeX file
LaTeX Font Info:    Redeclaring font encoding T1 on input line 43.
)
LaTeX Font Info:    Try loading font information for T1+aer on input line 100.

(/usr/local/texlive/2013/texmf-dist/tex/latex/ae/t1aer.fd
File: t1aer.fd 1997/11/16 Font definitions for T1/aer.
)))
(/usr/local/texlive/2013/texmf-dist/tex/latex/geometry/geometry.sty
Package: geometry 2010/09/12 v5.6 Page Geometry

(/usr/local/texlive/2013/texmf-dist/tex/generic/oberdiek/ifpdf.sty
Package: ifpdf 2011/01/30 v2.3 Provides the ifpdf switch (HO)
Package ifpdf Info: pdfTeX in PDF mode is detected.
)
(/usr/local/texlive/2013/texmf-dist/tex/generic/oberdiek/ifvtex.sty
Package: ifvtex 2010/03/01 v1.5 Detect VTeX and its facilities (HO)
Package ifvtex Info: VTeX not detected.
)
(/usr/local/texlive/2013/texmf-dist/tex/generic/ifxetex/ifxetex.sty
Package: ifxetex 2010/09/12 v0.6 Provides ifxetex conditional
)
\Gm@cnth=\count109
\Gm@cntv=\count110
\c@Gm@tempcnt=\count111
\Gm@bindingoffset=\dimen123
\Gm@wd@mp=\dimen124
\Gm@odd@mp=\dimen125
\Gm@even@mp=\dimen126
\Gm@layoutwidth=\dimen127
\Gm@layoutheight=\dimen128
\Gm@layouthoffset=\dimen129
\Gm@layoutvoffset=\dimen130
\Gm@dimlist=\toks34
)
(/usr/local/texlive/2013/texmf-dist/tex/latex/fancyhdr/fancyhdr.sty
\fancy@headwidth=\skip44
\f@ncyO@elh=\skip45
\f@ncyO@erh=\skip46
\f@ncyO@olh=\skip47
\f@ncyO@orh=\skip48
\f@ncyO@elf=\skip49
\f@ncyO@erf=\skip50
\f@ncyO@olf=\skip51
\f@ncyO@orf=\skip52
)
(/usr/local/texlive/2013/texmf-dist/tex/generic/ulem/ulem.sty
\UL@box=\box30
\UL@hyphenbox=\box31
\UL@skip=\skip53
\UL@hook=\toks35
\UL@height=\dimen131
\UL@pe=\count112
\UL@pixel=\dimen132
\ULC@box=\box32
Package: ulem 2012/05/18
\ULdepth=\dimen133
)
(/usr/local/texlive/2013/texmf-dist/tex/latex/url/url.sty
\Urlmuskip=\muskip11
Package: url 2006/04/12  ver 3.3  Verb mode for urls, etc.
)
(/usr/local/texlive/2013/texmf-dist/tex/latex/hyperref/hyperref.sty
Package: hyperref 2012/11/06 v6.83m Hypertext links for LaTeX

(/usr/local/texlive/2013/texmf-dist/tex/generic/oberdiek/hobsub-hyperref.sty
Package: hobsub-hyperref 2012/05/28 v1.13 Bundle oberdiek, subset hyperref (HO)


(/usr/local/texlive/2013/texmf-dist/tex/generic/oberdiek/hobsub-generic.sty
Package: hobsub-generic 2012/05/28 v1.13 Bundle oberdiek, subset generic (HO)
Package: hobsub 2012/05/28 v1.13 Construct package bundles (HO)
Package hobsub Info: Skipping package `infwarerr' (already loaded).
Package hobsub Info: Skipping package `ltxcmds' (already loaded).
Package: ifluatex 2010/03/01 v1.3 Provides the ifluatex switch (HO)
Package ifluatex Info: LuaTeX not detected.
Package hobsub Info: Skipping package `ifvtex' (already loaded).
Package: intcalc 2007/09/27 v1.1 Expandable calculations with integers (HO)
Package hobsub Info: Skipping package `ifpdf' (already loaded).
Package: etexcmds 2011/02/16 v1.5 Avoid name clashes with e-TeX commands (HO)
Package etexcmds Info: Could not find \expanded.
(etexcmds)             That can mean that you are not using pdfTeX 1.50 or
(etexcmds)             that some package has redefined \expanded.
(etexcmds)             In the latter case, load this package earlier.
Package: kvsetkeys 2012/04/25 v1.16 Key value parser (HO)
Package: kvdefinekeys 2011/04/07 v1.3 Define keys (HO)
Package: pdftexcmds 2011/11/29 v0.20 Utility functions of pdfTeX for LuaTeX (HO
)
Package pdftexcmds Info: LuaTeX not detected.
Package pdftexcmds Info: \pdf@primitive is available.
Package pdftexcmds Info: \pdf@ifprimitive is available.
Package pdftexcmds Info: \pdfdraftmode found.
Package: pdfescape 2011/11/25 v1.13 Implements pdfTeX's escape features (HO)
Package: bigintcalc 2012/04/08 v1.3 Expandable calculations on big integers (HO
)
Package: bitset 2011/01/30 v1.1 Handle bit-vector datatype (HO)
Package: uniquecounter 2011/01/30 v1.2 Provide unlimited unique counter (HO)
)
Package hobsub Info: Skipping package `hobsub' (already loaded).
Package: letltxmacro 2010/09/02 v1.4 Let assignment for LaTeX macros (HO)
Package: hopatch 2012/05/28 v1.2 Wrapper for package hooks (HO)
Package: xcolor-patch 2011/01/30 xcolor patch
Package: atveryend 2011/06/30 v1.8 Hooks at the very end of document (HO)
Package atveryend Info: \enddocument detected (standard20110627).
Package: atbegshi 2011/10/05 v1.16 At begin shipout hook (HO)
Package: refcount 2011/10/16 v3.4 Data extraction from label references (HO)
Package: hycolor 2011/01/30 v1.7 Color options for hyperref/bookmark (HO)
)
(/usr/local/texlive/2013/texmf-dist/tex/latex/oberdiek/auxhook.sty
Package: auxhook 2011/03/04 v1.3 Hooks for auxiliary files (HO)
)
(/usr/local/texlive/2013/texmf-dist/tex/latex/oberdiek/kvoptions.sty
Package: kvoptions 2011/06/30 v3.11 Key value format for package options (HO)
)
\@linkdim=\dimen134
\Hy@linkcounter=\count113
\Hy@pagecounter=\count114

(/usr/local/texlive/2013/texmf-dist/tex/latex/hyperref/pd1enc.def
File: pd1enc.def 2012/11/06 v6.83m Hyperref: PDFDocEncoding definition (HO)
)
\Hy@SavedSpaceFactor=\count115

(/usr/local/texlive/2013/texmf-dist/tex/latex/latexconfig/hyperref.cfg
File: hyperref.cfg 2002/06/06 v1.2 hyperref configuration of TeXLive
)
Package hyperref Info: Hyper figures OFF on input line 4443.
Package hyperref Info: Link nesting OFF on input line 4448.
Package hyperref Info: Hyper index ON on input line 4451.
Package hyperref Info: Plain pages OFF on input line 4458.
Package hyperref Info: Backreferencing OFF on input line 4463.
Package hyperref Info: Implicit mode ON; LaTeX internals redefined.
Package hyperref Info: Bookmarks ON on input line 4688.
\c@Hy@tempcnt=\count116
LaTeX Info: Redefining \url on input line 5041.
\XeTeXLinkMargin=\dimen135
\Fld@menulength=\count117
\Field@Width=\dimen136
\Fld@charsize=\dimen137
Package hyperref Info: Hyper figures OFF on input line 6295.
Package hyperref Info: Link nesting OFF on input line 6300.
Package hyperref Info: Hyper index ON on input line 6303.
Package hyperref Info: backreferencing OFF on input line 6310.
Package hyperref Info: Link coloring OFF on input line 6315.
Package hyperref Info: Link coloring with OCG OFF on input line 6320.
Package hyperref Info: PDF/A mode OFF on input line 6325.
LaTeX Info: Redefining \ref on input line 6365.
LaTeX Info: Redefining \pageref on input line 6369.


Package hyperref Warning: Option `pdfpagelabels' is turned off
(hyperref)                because \thepage is undefined.

\c@Item=\count118
\c@Hfootnote=\count119
)

Package hyperref Message: Driver (autodetected): hpdftex.

(/usr/local/texlive/2013/texmf-dist/tex/latex/hyperref/hpdftex.def
File: hpdftex.def 2012/11/06 v6.83m Hyperref driver for pdfTeX
\Fld@listcount=\count120
\c@bookmark@seq@number=\count121

(/usr/local/texlive/2013/texmf-dist/tex/latex/oberdiek/rerunfilecheck.sty
Package: rerunfilecheck 2011/04/15 v1.7 Rerun checks for auxiliary files (HO)
Package uniquecounter Info: New unique counter `rerunfilecheck' on input line 2
82.
)
\Hy@SectionHShift=\skip54
)
(/usr/local/texlive/2013/texmf-dist/tex/latex/tools/array.sty
Package: array 2008/09/09 v2.4c Tabular extension package (FMi)
\col@sep=\dimen138
\extrarowheight=\dimen139
\NC@list=\toks36
\extratabsurround=\skip55
\backup@length=\skip56
)
(/usr/local/texlive/2013/texmf-dist/tex/latex/graphics/color.sty
Package: color 2005/11/14 v1.0j Standard LaTeX Color (DPC)

(/usr/local/texlive/2013/texmf-dist/tex/latex/latexconfig/color.cfg
File: color.cfg 2007/01/18 v1.5 color configuration of teTeX/TeXLive
)
Package color Info: Driver file: pdftex.def on input line 130.
)
(/usr/local/texlive/2013/texmf-dist/tex/latex/enumitem/enumitem.sty
Package: enumitem 2011/09/28 v3.5.2 Customized lists
\labelindent=\skip57
\enit@outerparindent=\dimen140
\enit@toks=\toks37
\enit@inbox=\box33
\enitdp@description=\count122
)
(/usr/local/texlive/2013/texmf-dist/tex/latex/caption/caption.sty
Package: caption 2013/05/02 v3.3-89 Customizing captions (AR)

(/usr/local/texlive/2013/texmf-dist/tex/latex/caption/caption3.sty
Package: caption3 2013/05/02 v1.6-88 caption3 kernel (AR)
Package caption3 Info: TeX engine: e-TeX on input line 57.
\captionmargin=\dimen141
\captionmargin@=\dimen142
\captionwidth=\dimen143
\caption@tempdima=\dimen144
\caption@indent=\dimen145
\caption@parindent=\dimen146
\caption@hangindent=\dimen147
\abovecaptionskip=\skip58
\belowcaptionskip=\skip59
Package caption Info: Unknown document class (or package),
(caption)             standard defaults will be used.
)

Package caption Warning: Unsupported document class (or package) detected,
(caption)                usage of the caption package is not recommended.
See the caption package documentation for explanation.

Package caption Info: \@makecaption = \long macro:#1#2-> \vskip 10pt \setbox \@
tempboxa \hbox {\textbf {#1: #2}} \ifdim \wd \@tempboxa >\hsize \textbf {#1: #2
}\par \else \hbox to\hsize {\hfil \box \@tempboxa \hfil } \fi .
\c@ContinuedFloat=\count123
Package caption Info: hyperref package is loaded.
) (/usr/local/texlive/2013/texmf-dist/tex/latex/caption/subcaption.sty
Package: subcaption 2013/02/03 v1.1-62 Sub-captions (AR)
\c@subfigure=\count124
\c@subtable=\count125
)
(/usr/local/texlive/2013/texmf-dist/tex/latex/subfloat/subfloat.sty
Package: subfloat 2003/08/21 version 2.14

Package `subfloat', Version 2.14 of 2003/08/21.

Package subfloat Warning: Numbers of floats not counted:
(subfloat)                If you use one of the counters subfloatfiguremax or
(subfloat)                subfloattablemax you will get strange error messages
(subfloat)                containing \c@subfloatfiguremax or
(subfloat)                \c@subfloattablemax:
(subfloat)                Please switch on countmax or remove the code using
(subfloat)                the counter then..

) (/usr/local/texlive/2013/texmf-dist/tex/latex/comment/comment.sty
\CommentStream=\write3

Excluding comment 'comment')
(/usr/local/texlive/2013/texmf-dist/tex/latex/units/nicefrac.sty
Package: nicefrac 1998/08/04 v0.9b Nice fractions
\L@UnitsRaiseDisplaystyle=\skip60
\L@UnitsRaiseTextstyle=\skip61
\L@UnitsRaiseScriptstyle=\skip62

(/usr/local/texlive/2013/texmf-dist/tex/latex/base/ifthen.sty
Package: ifthen 2001/05/26 v1.1c Standard LaTeX ifthen package (DPC)
))
\c@theorem=\count126
\c@proposition=\count127
\c@lemma=\count128
\c@corollary=\count129
\c@claim=\count130
\c@definition=\count131
\c@example=\count132
\c@conjecture=\count133
\c@construction=\count134
\c@remark=\count135
\c@case=\count136
\c@assumption=\count137

(./First-Draft-HPCA-2018.aux)
\openout1 = `First-Draft-HPCA-2018.aux'.

LaTeX Font Info:    Checking defaults for OML/cmm/m/it on input line 69.
LaTeX Font Info:    ... okay on input line 69.
LaTeX Font Info:    Checking defaults for T1/cmr/m/n on input line 69.
LaTeX Font Info:    ... okay on input line 69.
LaTeX Font Info:    Checking defaults for OT1/cmr/m/n on input line 69.
LaTeX Font Info:    ... okay on input line 69.
LaTeX Font Info:    Checking defaults for OMS/cmsy/m/n on input line 69.
LaTeX Font Info:    ... okay on input line 69.
LaTeX Font Info:    Checking defaults for OMX/cmex/m/n on input line 69.
LaTeX Font Info:    ... okay on input line 69.
LaTeX Font Info:    Checking defaults for U/cmr/m/n on input line 69.
LaTeX Font Info:    ... okay on input line 69.
LaTeX Font Info:    Checking defaults for PD1/pdf/m/n on input line 69.
LaTeX Font Info:    ... okay on input line 69.

(/usr/local/texlive/2013/texmf-dist/tex/context/base/supp-pdf.mkii
[Loading MPS to PDF converter (version 2006.09.02).]
\scratchcounter=\count138
\scratchdimen=\dimen148
\scratchbox=\box34
\nofMPsegments=\count139
\nofMParguments=\count140
\everyMPshowfont=\toks38
\MPscratchCnt=\count141
\MPscratchDim=\dimen149
\MPnumerator=\count142
\makeMPintoPDFobject=\count143
\everyMPtoPDFconversion=\toks39
) (/usr/local/texlive/2013/texmf-dist/tex/latex/oberdiek/epstopdf-base.sty
Package: epstopdf-base 2010/02/09 v2.5 Base part for package epstopdf

(/usr/local/texlive/2013/texmf-dist/tex/latex/oberdiek/grfext.sty
Package: grfext 2010/08/19 v1.1 Manage graphics extensions (HO)
)
Package grfext Info: Graphics extension search list:
(grfext)             [.png,.pdf,.jpg,.mps,.jpeg,.jbig2,.jb2,.PNG,.PDF,.JPG,.JPE
G,.JBIG2,.JB2,.eps]
(grfext)             \AppendGraphicsExtensions on input line 452.

(/usr/local/texlive/2013/texmf-dist/tex/latex/latexconfig/epstopdf-sys.cfg
File: epstopdf-sys.cfg 2010/07/13 v1.3 Configuration of (r)epstopdf for TeX Liv
e
))
*geometry* driver: auto-detecting
*geometry* detected driver: pdftex
*geometry* verbose mode - [ preamble ] result:
* pass: disregarded the geometry package!
* \paperwidth=614.295pt
* \paperheight=794.96999pt
* \textwidth=504.0pt
* \textheight=666.0pt
* \oddsidemargin=-18.26999pt
* \evensidemargin=-18.26999pt
* \topmargin=-55.26999pt
* \headheight=12.0pt
* \headsep=25.0pt
* \topskip=10.0pt
* \footskip=30.0pt
* \marginparwidth=0.0pt
* \marginparsep=11.0pt
* \columnsep=24.0pt
* \skip\footins=8.1pt plus 4.0pt minus 2.0pt
* \hoffset=0.0pt
* \voffset=0.0pt
* \mag=1000
* \@twocolumntrue
* \@twosidetrue
* \@mparswitchtrue
* \@reversemarginfalse
* (1in=72.27pt=25.4mm, 1cm=28.453pt)

\AtBeginShipoutBox=\box35
Package hyperref Info: Link coloring OFF on input line 69.
(/usr/local/texlive/2013/texmf-dist/tex/latex/hyperref/nameref.sty
Package: nameref 2012/10/27 v2.43 Cross-referencing by name of section

(/usr/local/texlive/2013/texmf-dist/tex/generic/oberdiek/gettitlestring.sty
Package: gettitlestring 2010/12/03 v1.4 Cleanup title references (HO)
)
\c@section@level=\count144
)
LaTeX Info: Redefining \ref on input line 69.
LaTeX Info: Redefining \pageref on input line 69.
LaTeX Info: Redefining \nameref on input line 69.

(./First-Draft-HPCA-2018.out) (./First-Draft-HPCA-2018.out)
\@outlinefile=\write4
\openout4 = `First-Draft-HPCA-2018.out'.

Package caption Info: Begin \AtBeginDocument code.
Package caption Info: End \AtBeginDocument code.
LaTeX Font Info:    Try loading font information for U+msa on input line 71.

(/usr/local/texlive/2013/texmf-dist/tex/latex/amsfonts/umsa.fd
File: umsa.fd 2013/01/14 v3.01 AMS symbols A
)
LaTeX Font Info:    Try loading font information for U+msb on input line 71.

(/usr/local/texlive/2013/texmf-dist/tex/latex/amsfonts/umsb.fd
File: umsb.fd 2013/01/14 v3.01 AMS symbols B
)
LaTeX Font Info:    Try loading font information for U+lasy on input line 71.

(/usr/local/texlive/2013/texmf-dist/tex/latex/base/ulasy.fd
File: ulasy.fd 1998/08/17 v2.2e LaTeX symbol font definitions
)

LaTeX Warning: No \author given.

(./intro.tex
Overfull \hbox (4.79663pt too wide) in paragraph at lines 3--4
\T1/aer/m/n/10 tems. Even with the sat-u-ra-tion/demise of Moore's law [[]1[],
 []


Overfull \hbox (7.03885pt too wide) in paragraph at lines 3--4
\T1/aer/m/n/10 pends on both pro-ces-sor and mem-ory per-for-mance, slower
 []

<fig/cpuvsmemory.jpg, id=146, 638.385pt x 344.78813pt>
File: fig/cpuvsmemory.jpg Graphic file (type jpg)

<use fig/cpuvsmemory.jpg>
Package pdftex.def Info: fig/cpuvsmemory.jpg used on input line 8.
(pdftex.def)             Requested size: 167.99927pt x 90.73183pt.

<fig/fig-2-memory-controller.png, id=150, 462.72874pt x 432.61626pt>
File: fig/fig-2-memory-controller.png Graphic file (type png)

<use fig/fig-2-memory-controller.png>
Package pdftex.def Info: fig/fig-2-memory-controller.png used on input line 26.

(pdftex.def)             Requested size: 240.0pt x 224.38084pt.

Underfull \vbox (badness 10000) has occurred while \output is active []

 [1{/usr/local/texlive/2013/texmf-var/fonts/map/pdftex/updmap/pdftex.map}


 <./fig/cpuvsmemory.jpg>] <fig/example-xor.pdf, id=172, 454.62257pt x 561.27667
pt>
File: fig/example-xor.pdf Graphic file (type pdf)

<use fig/example-xor.pdf>
Package pdftex.def Info: fig/example-xor.pdf used on input line 38.
(pdftex.def)             Requested size: 94.80103pt x 117.04083pt.
 [2 <./fig/fig-2-memory-controller.png> <./fig/example-xor.pdf>]) (./bgd_relate
dwork.tex
Overfull \hbox (4.82692pt too wide) in paragraph at lines 8--9
[]\T1/aer/m/n/10 The multi-port mem-o-ries are es-sen-tial to pro-vide seam-
 []

<fig/read-replication.pdf, id=241, 541.5657pt x 566.59224pt>
File: fig/read-replication.pdf Graphic file (type pdf)

<use fig/read-replication.pdf>
Package pdftex.def Info: fig/read-replication.pdf used on input line 26.
(pdftex.def)             Requested size: 102.00073pt x 106.71127pt.

<fig/rw-replication.pdf, id=242, 990.96793pt x 738.54044pt>
File: fig/rw-replication.pdf Graphic file (type pdf)

<use fig/rw-replication.pdf>
Package pdftex.def Info: fig/rw-replication.pdf used on input line 35.
(pdftex.def)             Requested size: 206.40015pt x 153.82465pt.

Overfull \hbox (3.5969pt too wide) in paragraph at lines 42--45
\T1/aer/m/n/10 re-dun-dancy mech-a-nism can vary from sim-ple replication-
 []


Underfull \hbox (badness 10000) in paragraph at lines 46--47

 []

[3 <./fig/read-replication.pdf>]
Overfull \hbox (7.40225pt too wide) in paragraph at lines 52--53
[]\T1/aer/m/it/10 As il-lus-trated above, an $\OML/cmm/m/it/10 r$\T1/aer/m/it/1
0 -replication based
 []

[4 <./fig/rw-replication.pdf>]
Overfull \hbox (23.91623pt too wide) in paragraph at lines 63--64
\T1/aer/m/n/10 can be bet-ter man-aged at the al-go-rith-mic level.[]\T1/aer/bx
/n/10 [Ethan: good
 []


Overfull \hbox (5.59653pt too wide) in paragraph at lines 69--70
\T1/aer/m/n/10 der-ly-ing medium in an in-for-ma-tion pro-cess-ing sys-tem [[]2
0[],
 []


Underfull \vbox (badness 4279) has occurred while \output is active []

 [5]
Overfull \hbox (8.34886pt too wide) in paragraph at lines 71--72
[]\T1/aer/m/n/10 Here, we note that the is-sue of de-sign-ing cod-ing schemes
 []


Overfull \hbox (2.81836pt too wide) in paragraph at lines 77--78
[]\T1/aer/bx/n/10 [ANKIT: Also cite the work by Rivest et al. [[]16[]]
 []

) (./code_design.tex
Underfull \vbox (badness 10000) has occurred while \output is active []


Overfull \hbox (11.39839pt too wide) in paragraph at lines 40--43
\T1/aer/m/n/10 Furthermore, we re-strict our-selves to lin-ear cod-ing schemes
 []


Overfull \hbox (8.08853pt too wide) in paragraph at lines 43--44
[]\T1/aer/m/it/10 Let's con-sider a setup with two data banks
 []

[6] <fig/example-inter-bank.pdf, id=380, 410.08739pt x 268.95341pt>
File: fig/example-inter-bank.pdf Graphic file (type pdf)

<use fig/example-inter-bank.pdf>
Package pdftex.def Info: fig/example-inter-bank.pdf used on input line 74.
(pdftex.def)             Requested size: 109.43866pt x 71.77298pt.

<fig/example-inter-bank-2.pdf, id=381, 418.74182pt x 264.2934pt>
File: fig/example-inter-bank-2.pdf Graphic file (type pdf)

<use fig/example-inter-bank-2.pdf>
Package pdftex.def Info: fig/example-inter-bank-2.pdf used on input line 80.
(pdftex.def)             Requested size: 112.8945pt x 71.25531pt.

Overfull \hbox (14.34865pt too wide) in paragraph at lines 105--106
\T1/aer/m/n/10 var-i-ous de-graded reads. Fur-ther-more, these cod-ing schemes
 []


Overfull \hbox (2.34476pt too wide) in paragraph at lines 171--182
 [][] 
 []

[7 <./fig/example-inter-bank.pdf> <./fig/example-inter-bank-2.pdf>]
Underfull \hbox (badness 10000) in paragraph at lines 197--205

 []

<fig/Code-Design-1.pdf, id=536, 1019.2555pt x 403.43013pt>
File: fig/Code-Design-1.pdf Graphic file (type pdf)

<use fig/Code-Design-1.pdf>
Package pdftex.def Info: fig/Code-Design-1.pdf used on input line 220.
(pdftex.def)             Requested size: 240.0pt x 94.99077pt.

<fig/Code-Design-2.pdf, id=543, 983.27771pt x 499.98636pt>
File: fig/Code-Design-2.pdf Graphic file (type pdf)

<use fig/Code-Design-2.pdf>
Package pdftex.def Info: fig/Code-Design-2.pdf used on input line 281.
(pdftex.def)             Requested size: 240.0pt x 122.03616pt.
 [8 <./fig/Code-Design-1.pdf>]
Overfull \hbox (8.79187pt too wide) detected at line 290
[]\OML/cmm/m/it/10 a\OT1/cmr/m/n/10 (1)\OML/cmm/m/it/10 ; b\OT1/cmr/m/n/10 (1)\
OML/cmm/m/it/10 ; c\OT1/cmr/m/n/10 (1)\OML/cmm/m/it/10 ; d\OT1/cmr/m/n/10 (1)\O
ML/cmm/m/it/10 ; a\OT1/cmr/m/n/10 (2)\OML/cmm/m/it/10 ; b\OT1/cmr/m/n/10 (2)\OM
L/cmm/m/it/10 ; c\OT1/cmr/m/n/10 (2)\OML/cmm/m/it/10 ; d\OT1/cmr/m/n/10 (2)\OML
/cmm/m/it/10 ; a\OT1/cmr/m/n/10 (3)\OML/cmm/m/it/10 ; b\OT1/cmr/m/n/10 (3)\OML/
cmm/m/it/10 ; c\OT1/cmr/m/n/10 (3)[]
 []


Overfull \hbox (39.79411pt too wide) in paragraph at lines 290--291
\T1/aer/m/n/10 Here, we can serve the re-quests for the rows $\OMS/cmsy/m/n/10 
f\OML/cmm/m/it/10 a\OT1/cmr/m/n/10 (1)\OML/cmm/m/it/10 ; b\OT1/cmr/m/n/10 (1)\O
ML/cmm/m/it/10 ; c\OT1/cmr/m/n/10 (1)\OML/cmm/m/it/10 ; d\OT1/cmr/m/n/10 (1)\OM
S/cmsy/m/n/10 g$
 []


Overfull \hbox (36.26384pt too wide) in paragraph at lines 290--291
\T1/aer/m/n/10 Sim-i-larly, we can serve the re-quests for the rows $\OMS/cmsy/
m/n/10 f\OML/cmm/m/it/10 a\OT1/cmr/m/n/10 (2)\OML/cmm/m/it/10 ; b\OT1/cmr/m/n/1
0 (2)\OML/cmm/m/it/10 ; d\OT1/cmr/m/n/10 (2)\OMS/cmsy/m/n/10 g$
 []


Underfull \hbox (badness 10000) in paragraph at lines 290--291

 []

<fig/Code-Design-3_9banks.pdf, id=847, 850.15291pt x 401.17508pt>
File: fig/Code-Design-3_9banks.pdf Graphic file (type pdf)

<use fig/Code-Design-3_9banks.pdf>
Package pdftex.def Info: fig/Code-Design-3_9banks.pdf used on input line 339.
(pdftex.def)             Requested size: 240.0pt x 113.2526pt.

<fig/Code-Design-3_8banks.pdf, id=851, 781.61192pt x 397.43854pt>
File: fig/Code-Design-3_8banks.pdf Graphic file (type pdf)

<use fig/Code-Design-3_8banks.pdf>
Package pdftex.def Info: fig/Code-Design-3_8banks.pdf used on input line 358.
(pdftex.def)             Requested size: 240.0pt x 122.03424pt.
) (./memControllerDesign.tex [9 <./fig/Code-Design-2.pdf> <./fig/Code-Design-3_
9banks.pdf>]
<fig/coded_access_scheduler.pdf, id=1524, 1011.78pt x 758.835pt>
File: fig/coded_access_scheduler.pdf Graphic file (type pdf)

<use fig/coded_access_scheduler.pdf>
Package pdftex.def Info: fig/coded_access_scheduler.pdf used on input line 46.
(pdftex.def)             Requested size: 167.99927pt x 125.98973pt.
 [10 <./fig/Code-Design-3_8banks.pdf> <./fig/coded_access_scheduler.pdf>]
<fig/read_pattern_algo.png, id=1855, 1387.1825pt x 2350.7825pt>
File: fig/read_pattern_algo.png Graphic file (type png)

<use fig/read_pattern_algo.png>
Package pdftex.def Info: fig/read_pattern_algo.png used on input line 67.
(pdftex.def)             Requested size: 230.40161pt x 390.44502pt.

<fig/Read-Algo-Example.pdf, id=1856, 1027.84pt x 770.88pt>
File: fig/Read-Algo-Example.pdf Graphic file (type pdf)

<use fig/Read-Algo-Example.pdf>
Package pdftex.def Info: fig/Read-Algo-Example.pdf used on input line 76.
(pdftex.def)             Requested size: 230.40161pt x 172.79356pt.

Underfull \vbox (badness 4279) has occurred while \output is active []


Underfull \vbox (badness 3514) has occurred while \output is active []

 [11 <./fig/read_pattern_algo.png>]
Overfull \hbox (1.19666pt too wide) in paragraph at lines 117--118
\T1/aer/m/n/10 go-rithm which de-ter-mines which write re-quests to sched-
 []

<fig/write_pattern_algo.png, id=1867, 573.14125pt x 715.67375pt>
File: fig/write_pattern_algo.png Graphic file (type png)

<use fig/write_pattern_algo.png>
Package pdftex.def Info: fig/write_pattern_algo.png used on input line 122.
(pdftex.def)             Requested size: 240.0pt x 299.68546pt.

<fig/Write-Algo-Example.pdf, id=1872, 1027.84pt x 770.88pt>
File: fig/Write-Algo-Example.pdf Graphic file (type pdf)

<use fig/Write-Algo-Example.pdf>
Package pdftex.def Info: fig/Write-Algo-Example.pdf used on input line 139.
(pdftex.def)             Requested size: 240.0pt x 179.99232pt.

Underfull \vbox (badness 1259) has occurred while \output is active []

 [12 <./fig/Read-Algo-Example.pdf> <./fig/write_pattern_algo.png>]
<fig/dedup_whole.png, id=2052, 1339.1631pt x 716.1957pt>
File: fig/dedup_whole.png Graphic file (type png)

<use fig/dedup_whole.png>
Package pdftex.def Info: fig/dedup_whole.png used on input line 156.
(pdftex.def)             Requested size: 240.0pt x 128.35231pt.

<fig/dedup_dense.png, id=2053, 1339.1631pt x 716.1957pt>
File: fig/dedup_dense.png Graphic file (type png)

<use fig/dedup_dense.png>
Package pdftex.def Info: fig/dedup_dense.png used on input line 162.
(pdftex.def)             Requested size: 240.0pt x 128.35231pt.
) [13 <./fig/Write-Algo-Example.pdf> <./fig/dedup_whole.png> <./fig/dedup_dense
.png>] (./experimental_methodology.tex)
(./simulation_results.tex [14]
<fig/dedup_benchmark_results.png, id=2407, 1339.1631pt x 716.1957pt>
File: fig/dedup_benchmark_results.png Graphic file (type png)

<use fig/dedup_benchmark_results.png>
Package pdftex.def Info: fig/dedup_benchmark_results.png used on input line 13.

(pdftex.def)             Requested size: 240.0pt x 128.35231pt.

<fig/dedup_hundreth.png, id=2408, 1339.1631pt x 716.1957pt>
File: fig/dedup_hundreth.png Graphic file (type png)

<use fig/dedup_hundreth.png>
Package pdftex.def Info: fig/dedup_hundreth.png used on input line 19.
(pdftex.def)             Requested size: 240.0pt x 128.35231pt.

<fig/vips_split.png, id=2416, 1339.1631pt x 716.1957pt>
File: fig/vips_split.png Graphic file (type png)

<use fig/vips_split.png>
Package pdftex.def Info: fig/vips_split.png used on input line 31.
(pdftex.def)             Requested size: 240.0pt x 128.35231pt.

<fig/vips_ramp.png, id=2417, 1339.1631pt x 716.1957pt>
File: fig/vips_ramp.png Graphic file (type png)
 <use fig/vips_ramp.png>
Package pdftex.def Info: fig/vips_ramp.png used on input line 38.
(pdftex.def)             Requested size: 240.0pt x 128.35231pt.

Overfull \hbox (7.15688pt too wide) in paragraph at lines 49--50
\T1/aer/m/n/10 con-stantly chang-ing lo-ca-tion of the heav-ily ac-cessed mem-
 []

[15 <./fig/dedup_benchmark_results.png> <./fig/dedup_hundreth.png> <./fig/vips_
split.png>] <fig/vips_split_results.png, id=2436, 1339.1631pt x 716.1957pt>
File: fig/vips_split_results.png Graphic file (type png)

<use fig/vips_split_results.png>
Package pdftex.def Info: fig/vips_split_results.png used on input line 52.
(pdftex.def)             Requested size: 240.0pt x 128.35231pt.

<fig/vips_ramp_results.png, id=2439, 1339.1631pt x 716.1957pt>
File: fig/vips_ramp_results.png Graphic file (type png)

<use fig/vips_ramp_results.png>
Package pdftex.def Info: fig/vips_ramp_results.png used on input line 58.
(pdftex.def)             Requested size: 240.0pt x 128.35231pt.
) [16 <./fig/vips_ramp.png> <./fig/vips_split_results.png> <./fig/vips_ramp_res
ults.png>] (./First-Draft-HPCA-2018.bbl)
Package atveryend Info: Empty hook `BeforeClearDocument' on input line 221.

[17]
Package atveryend Info: Empty hook `AfterLastShipout' on input line 221.
 (./First-Draft-HPCA-2018.aux)
Package atveryend Info: Empty hook `AtVeryEndDocument' on input line 221.
Package atveryend Info: Executing hook `AtEndAfterFileList' on input line 221.
Package rerunfilecheck Info: File `First-Draft-HPCA-2018.out' has not changed.
(rerunfilecheck)             Checksum: AF48D592D2E30DAD23BD712F22E61BD7;2339.
Package atveryend Info: Empty hook `AtVeryVeryEnd' on input line 221.
 ) 
Here is how much of TeX's memory you used:
 9036 strings out of 493315
 133883 string characters out of 6137904
 245022 words of memory out of 5000000
 12146 multiletter control sequences out of 15000+600000
 69390 words of font info for 103 fonts, out of 8000000 for 9000
 957 hyphenation exceptions out of 8191
 41i,12n,43p,2260b,479s stack positions out of 5000i,500n,10000p,200000b,80000s
{/usr/local/texlive/2013/texmf-dist/fonts/enc/dvips/base/8r.enc}</usr/local/t
exlive/2013/texmf-dist/fonts/type1/public/amsfonts/cm/cmbx10.pfb></usr/local/te
xlive/2013/texmf-dist/fonts/type1/public/amsfonts/cm/cmbxti10.pfb></usr/local/t
exlive/2013/texmf-dist/fonts/type1/public/amsfonts/cm/cmcsc10.pfb></usr/local/t
exlive/2013/texmf-dist/fonts/type1/public/amsfonts/cm/cmex10.pfb></usr/local/te
xlive/2013/texmf-dist/fonts/type1/public/amsfonts/cm/cmmi10.pfb></usr/local/tex
live/2013/texmf-dist/fonts/type1/public/amsfonts/cm/cmmi7.pfb></usr/local/texli
ve/2013/texmf-dist/fonts/type1/public/amsfonts/cm/cmr10.pfb></usr/local/texlive
/2013/texmf-dist/fonts/type1/public/amsfonts/cm/cmr6.pfb></usr/local/texlive/20
13/texmf-dist/fonts/type1/public/amsfonts/cm/cmr7.pfb></usr/local/texlive/2013/
texmf-dist/fonts/type1/public/amsfonts/cm/cmr8.pfb></usr/local/texlive/2013/tex
mf-dist/fonts/type1/public/amsfonts/cm/cmr9.pfb></usr/local/texlive/2013/texmf-
dist/fonts/type1/public/amsfonts/cm/cmsy10.pfb></usr/local/texlive/2013/texmf-d
ist/fonts/type1/public/amsfonts/cm/cmsy5.pfb></usr/local/texlive/2013/texmf-dis
t/fonts/type1/public/amsfonts/cm/cmsy7.pfb></usr/local/texlive/2013/texmf-dist/
fonts/type1/public/amsfonts/cm/cmti10.pfb></usr/local/texlive/2013/texmf-dist/f
onts/type1/public/amsfonts/cm/cmti8.pfb></usr/local/texlive/2013/texmf-dist/fon
ts/type1/public/amsfonts/symbols/msam10.pfb></usr/local/texlive/2013/texmf-dist
/fonts/type1/urw/helvetic/uhvb8a.pfb></usr/local/texlive/2013/texmf-dist/fonts/
type1/urw/times/utmb8a.pfb></usr/local/texlive/2013/texmf-dist/fonts/type1/urw/
times/utmri8a.pfb>
Output written on First-Draft-HPCA-2018.pdf (17 pages, 2773380 bytes).
PDF statistics:
 2547 PDF objects out of 2984 (max. 8388607)
 2201 compressed objects within 23 object streams
 125 named destinations out of 1000 (max. 500000)
 393 words of extra memory for PDF output out of 10000 (max. 10000000)

